{"E:\\backup files\\Web API\\Restaurant POS API\\task1-web-api-NiteshMaharjan99\\app.js": {"path":"E:\\backup files\\Web API\\Restaurant POS API\\task1-web-api-NiteshMaharjan99\\app.js","statementMap":{"0":{"start":{"line":1,"column":16},"end":{"line":1,"column":34}},"1":{"start":{"line":2,"column":17},"end":{"line":2,"column":36}},"2":{"start":{"line":3,"column":12},"end":{"line":3,"column":21}},"3":{"start":{"line":4,"column":15},"end":{"line":4,"column":32}},"4":{"start":{"line":5,"column":19},"end":{"line":5,"column":41}},"5":{"start":{"line":6,"column":13},"end":{"line":6,"column":28}},"6":{"start":{"line":8,"column":20},"end":{"line":8,"column":51}},"7":{"start":{"line":9,"column":20},"end":{"line":9,"column":51}},"8":{"start":{"line":10,"column":21},"end":{"line":10,"column":53}},"9":{"start":{"line":11,"column":15},"end":{"line":11,"column":46}},"10":{"start":{"line":14,"column":0},"end":{"line":16,"column":33}},"11":{"start":{"line":15,"column":12},"end":{"line":15,"column":54}},"12":{"start":{"line":16,"column":16},"end":{"line":16,"column":32}},"13":{"start":{"line":18,"column":0},"end":{"line":18,"column":23}},"14":{"start":{"line":19,"column":0},"end":{"line":19,"column":33}},"15":{"start":{"line":22,"column":0},"end":{"line":22,"column":16}},"16":{"start":{"line":23,"column":0},"end":{"line":23,"column":27}},"17":{"start":{"line":24,"column":0},"end":{"line":24,"column":52}},"18":{"start":{"line":25,"column":0},"end":{"line":25,"column":23}},"19":{"start":{"line":27,"column":0},"end":{"line":29,"column":2}},"20":{"start":{"line":28,"column":4},"end":{"line":28,"column":27}},"21":{"start":{"line":32,"column":0},"end":{"line":32,"column":54}},"22":{"start":{"line":33,"column":0},"end":{"line":33,"column":54}},"23":{"start":{"line":34,"column":0},"end":{"line":34,"column":54}},"24":{"start":{"line":35,"column":0},"end":{"line":35,"column":30}},"25":{"start":{"line":36,"column":0},"end":{"line":36,"column":32}},"26":{"start":{"line":37,"column":0},"end":{"line":37,"column":30}},"27":{"start":{"line":40,"column":0},"end":{"line":42,"column":2}},"28":{"start":{"line":41,"column":4},"end":{"line":41,"column":22}},"29":{"start":{"line":45,"column":0},"end":{"line":51,"column":2}},"30":{"start":{"line":46,"column":4},"end":{"line":46,"column":22}},"31":{"start":{"line":47,"column":4},"end":{"line":48,"column":54}},"32":{"start":{"line":47,"column":40},"end":{"line":47,"column":55}},"33":{"start":{"line":48,"column":9},"end":{"line":48,"column":54}},"34":{"start":{"line":48,"column":39},"end":{"line":48,"column":54}},"35":{"start":{"line":49,"column":4},"end":{"line":49,"column":28}},"36":{"start":{"line":50,"column":4},"end":{"line":50,"column":36}},"37":{"start":{"line":53,"column":0},"end":{"line":55,"column":2}},"38":{"start":{"line":54,"column":4},"end":{"line":54,"column":53}},"39":{"start":{"line":57,"column":0},"end":{"line":57,"column":20}}},"fnMap":{"0":{"name":"(anonymous_0)","decl":{"start":{"line":15,"column":6},"end":{"line":15,"column":7}},"loc":{"start":{"line":15,"column":12},"end":{"line":15,"column":54}},"line":15},"1":{"name":"(anonymous_1)","decl":{"start":{"line":16,"column":7},"end":{"line":16,"column":8}},"loc":{"start":{"line":16,"column":16},"end":{"line":16,"column":32}},"line":16},"2":{"name":"(anonymous_2)","decl":{"start":{"line":27,"column":13},"end":{"line":27,"column":14}},"loc":{"start":{"line":27,"column":27},"end":{"line":29,"column":1}},"line":27},"3":{"name":"(anonymous_3)","decl":{"start":{"line":40,"column":44},"end":{"line":40,"column":45}},"loc":{"start":{"line":40,"column":57},"end":{"line":42,"column":1}},"line":40},"4":{"name":"(anonymous_4)","decl":{"start":{"line":45,"column":8},"end":{"line":45,"column":9}},"loc":{"start":{"line":45,"column":33},"end":{"line":51,"column":1}},"line":45},"5":{"name":"(anonymous_5)","decl":{"start":{"line":53,"column":8},"end":{"line":53,"column":9}},"loc":{"start":{"line":53,"column":22},"end":{"line":55,"column":1}},"line":53}},"branchMap":{"0":{"loc":{"start":{"line":47,"column":4},"end":{"line":48,"column":54}},"type":"if","locations":[{"start":{"line":47,"column":4},"end":{"line":48,"column":54}},{"start":{"line":48,"column":9},"end":{"line":48,"column":54}}],"line":47},"1":{"loc":{"start":{"line":48,"column":9},"end":{"line":48,"column":54}},"type":"if","locations":[{"start":{"line":48,"column":9},"end":{"line":48,"column":54}},{"start":{},"end":{}}],"line":48}},"s":{"0":3,"1":3,"2":3,"3":3,"4":3,"5":3,"6":3,"7":3,"8":3,"9":3,"10":3,"11":3,"12":0,"13":3,"14":3,"15":3,"16":3,"17":3,"18":3,"19":3,"20":1,"21":3,"22":3,"23":3,"24":3,"25":3,"26":3,"27":3,"28":0,"29":3,"30":7,"31":7,"32":1,"33":6,"34":0,"35":7,"36":7,"37":3,"38":3,"39":3},"f":{"0":3,"1":0,"2":1,"3":0,"4":7,"5":3},"b":{"0":[1,6],"1":[0,6]},"_coverageSchema":"1a1c01bbd47fc00a2c39e90264f33305004495a9","hash":"410db4f906116ba143e38f3ba44e641e7118fef4"}
,"E:\\backup files\\Web API\\Restaurant POS API\\task1-web-api-NiteshMaharjan99\\controllers\\billsController.js": {"path":"E:\\backup files\\Web API\\Restaurant POS API\\task1-web-api-NiteshMaharjan99\\controllers\\billsController.js","statementMap":{"0":{"start":{"line":1,"column":19},"end":{"line":1,"column":49}},"1":{"start":{"line":4,"column":27},"end":{"line":13,"column":1}},"2":{"start":{"line":5,"column":2},"end":{"line":12,"column":3}},"3":{"start":{"line":6,"column":20},"end":{"line":6,"column":44}},"4":{"start":{"line":7,"column":4},"end":{"line":7,"column":25}},"5":{"start":{"line":8,"column":4},"end":{"line":8,"column":43}},"6":{"start":{"line":10,"column":4},"end":{"line":10,"column":37}},"7":{"start":{"line":11,"column":4},"end":{"line":11,"column":23}},"8":{"start":{"line":16,"column":27},"end":{"line":23,"column":1}},"9":{"start":{"line":17,"column":2},"end":{"line":22,"column":3}},"10":{"start":{"line":18,"column":18},"end":{"line":18,"column":41}},"11":{"start":{"line":19,"column":4},"end":{"line":19,"column":20}},"12":{"start":{"line":21,"column":4},"end":{"line":21,"column":23}},"13":{"start":{"line":25,"column":0},"end":{"line":25,"column":60}}},"fnMap":{"0":{"name":"(anonymous_0)","decl":{"start":{"line":4,"column":27},"end":{"line":4,"column":28}},"loc":{"start":{"line":4,"column":47},"end":{"line":13,"column":1}},"line":4},"1":{"name":"(anonymous_1)","decl":{"start":{"line":16,"column":27},"end":{"line":16,"column":28}},"loc":{"start":{"line":16,"column":47},"end":{"line":23,"column":1}},"line":16}},"branchMap":{},"s":{"0":3,"1":3,"2":0,"3":0,"4":0,"5":0,"6":0,"7":0,"8":3,"9":0,"10":0,"11":0,"12":0,"13":3},"f":{"0":0,"1":0},"b":{},"_coverageSchema":"1a1c01bbd47fc00a2c39e90264f33305004495a9","hash":"87da9a72c5f6a78a5a8085d5c123eed6e6037e4f"}
,"E:\\backup files\\Web API\\Restaurant POS API\\task1-web-api-NiteshMaharjan99\\controllers\\itemController.js": {"path":"E:\\backup files\\Web API\\Restaurant POS API\\task1-web-api-NiteshMaharjan99\\controllers\\itemController.js","statementMap":{"0":{"start":{"line":1,"column":18},"end":{"line":1,"column":47}},"1":{"start":{"line":4,"column":26},"end":{"line":11,"column":1}},"2":{"start":{"line":5,"column":2},"end":{"line":10,"column":3}},"3":{"start":{"line":6,"column":18},"end":{"line":6,"column":40}},"4":{"start":{"line":7,"column":4},"end":{"line":7,"column":32}},"5":{"start":{"line":9,"column":4},"end":{"line":9,"column":23}},"6":{"start":{"line":14,"column":26},"end":{"line":23,"column":1}},"7":{"start":{"line":15,"column":2},"end":{"line":22,"column":3}},"8":{"start":{"line":16,"column":20},"end":{"line":16,"column":43}},"9":{"start":{"line":17,"column":4},"end":{"line":17,"column":25}},"10":{"start":{"line":18,"column":4},"end":{"line":18,"column":55}},"11":{"start":{"line":20,"column":4},"end":{"line":20,"column":41}},"12":{"start":{"line":21,"column":4},"end":{"line":21,"column":23}},"13":{"start":{"line":26,"column":27},"end":{"line":39,"column":1}},"14":{"start":{"line":27,"column":2},"end":{"line":38,"column":3}},"15":{"start":{"line":28,"column":23},"end":{"line":28,"column":31}},"16":{"start":{"line":29,"column":4},"end":{"line":29,"column":24}},"17":{"start":{"line":30,"column":4},"end":{"line":32,"column":7}},"18":{"start":{"line":34,"column":4},"end":{"line":34,"column":41}},"19":{"start":{"line":36,"column":4},"end":{"line":36,"column":32}},"20":{"start":{"line":37,"column":4},"end":{"line":37,"column":23}},"21":{"start":{"line":42,"column":29},"end":{"line":52,"column":1}},"22":{"start":{"line":43,"column":2},"end":{"line":51,"column":3}},"23":{"start":{"line":44,"column":23},"end":{"line":44,"column":31}},"24":{"start":{"line":45,"column":4},"end":{"line":45,"column":52}},"25":{"start":{"line":47,"column":4},"end":{"line":47,"column":41}},"26":{"start":{"line":49,"column":4},"end":{"line":49,"column":32}},"27":{"start":{"line":50,"column":4},"end":{"line":50,"column":23}},"28":{"start":{"line":54,"column":0},"end":{"line":54,"column":100}}},"fnMap":{"0":{"name":"(anonymous_0)","decl":{"start":{"line":4,"column":26},"end":{"line":4,"column":27}},"loc":{"start":{"line":4,"column":46},"end":{"line":11,"column":1}},"line":4},"1":{"name":"(anonymous_1)","decl":{"start":{"line":14,"column":26},"end":{"line":14,"column":27}},"loc":{"start":{"line":14,"column":46},"end":{"line":23,"column":1}},"line":14},"2":{"name":"(anonymous_2)","decl":{"start":{"line":26,"column":27},"end":{"line":26,"column":28}},"loc":{"start":{"line":26,"column":47},"end":{"line":39,"column":1}},"line":26},"3":{"name":"(anonymous_3)","decl":{"start":{"line":42,"column":29},"end":{"line":42,"column":30}},"loc":{"start":{"line":42,"column":49},"end":{"line":52,"column":1}},"line":42}},"branchMap":{},"s":{"0":3,"1":3,"2":0,"3":0,"4":0,"5":0,"6":3,"7":0,"8":0,"9":0,"10":0,"11":0,"12":0,"13":3,"14":0,"15":0,"16":0,"17":0,"18":0,"19":0,"20":0,"21":3,"22":0,"23":0,"24":0,"25":0,"26":0,"27":0,"28":3},"f":{"0":0,"1":0,"2":0,"3":0},"b":{},"_coverageSchema":"1a1c01bbd47fc00a2c39e90264f33305004495a9","hash":"7edc432016d0d496a89c96f2d1164c7cf95ab38a"}
,"E:\\backup files\\Web API\\Restaurant POS API\\task1-web-api-NiteshMaharjan99\\controllers\\menu_controller.js": {"path":"E:\\backup files\\Web API\\Restaurant POS API\\task1-web-api-NiteshMaharjan99\\controllers\\menu_controller.js","statementMap":{"0":{"start":{"line":1,"column":13},"end":{"line":1,"column":37}},"1":{"start":{"line":5,"column":0},"end":{"line":12,"column":2}},"2":{"start":{"line":6,"column":4},"end":{"line":11,"column":21}},"3":{"start":{"line":8,"column":12},"end":{"line":8,"column":65}},"4":{"start":{"line":9,"column":12},"end":{"line":9,"column":37}},"5":{"start":{"line":15,"column":0},"end":{"line":23,"column":2}},"6":{"start":{"line":16,"column":32},"end":{"line":16,"column":40}},"7":{"start":{"line":18,"column":4},"end":{"line":22,"column":21}},"8":{"start":{"line":20,"column":12},"end":{"line":20,"column":69}},"9":{"start":{"line":26,"column":0},"end":{"line":30,"column":1}},"10":{"start":{"line":27,"column":4},"end":{"line":29,"column":20}},"11":{"start":{"line":28,"column":25},"end":{"line":28,"column":46}},"12":{"start":{"line":33,"column":0},"end":{"line":40,"column":2}},"13":{"start":{"line":34,"column":4},"end":{"line":39,"column":21}},"14":{"start":{"line":36,"column":12},"end":{"line":36,"column":80}},"15":{"start":{"line":36,"column":23},"end":{"line":36,"column":80}},"16":{"start":{"line":37,"column":12},"end":{"line":37,"column":27}},"17":{"start":{"line":43,"column":0},"end":{"line":50,"column":2}},"18":{"start":{"line":44,"column":4},"end":{"line":49,"column":21}},"19":{"start":{"line":46,"column":12},"end":{"line":46,"column":80}},"20":{"start":{"line":46,"column":23},"end":{"line":46,"column":80}},"21":{"start":{"line":47,"column":12},"end":{"line":47,"column":47}},"22":{"start":{"line":54,"column":0},"end":{"line":71,"column":2}},"23":{"start":{"line":55,"column":18},"end":{"line":55,"column":64}},"24":{"start":{"line":57,"column":17},"end":{"line":60,"column":5}},"25":{"start":{"line":61,"column":4},"end":{"line":69,"column":20}},"26":{"start":{"line":63,"column":12},"end":{"line":66,"column":13}},"27":{"start":{"line":64,"column":16},"end":{"line":64,"column":31}},"28":{"start":{"line":65,"column":16},"end":{"line":65,"column":56}},"29":{"start":{"line":67,"column":12},"end":{"line":67,"column":60}},"30":{"start":{"line":74,"column":0},"end":{"line":85,"column":1}},"31":{"start":{"line":75,"column":18},"end":{"line":75,"column":64}},"32":{"start":{"line":76,"column":4},"end":{"line":84,"column":20}},"33":{"start":{"line":78,"column":12},"end":{"line":81,"column":13}},"34":{"start":{"line":79,"column":16},"end":{"line":79,"column":31}},"35":{"start":{"line":80,"column":16},"end":{"line":80,"column":56}},"36":{"start":{"line":82,"column":12},"end":{"line":82,"column":72}},"37":{"start":{"line":87,"column":0},"end":{"line":92,"column":2}},"38":{"start":{"line":88,"column":4},"end":{"line":90,"column":5}},"39":{"start":{"line":89,"column":8},"end":{"line":89,"column":73}},"40":{"start":{"line":91,"column":4},"end":{"line":91,"column":44}}},"fnMap":{"0":{"name":"(anonymous_0)","decl":{"start":{"line":5,"column":22},"end":{"line":5,"column":23}},"loc":{"start":{"line":5,"column":42},"end":{"line":12,"column":1}},"line":5},"1":{"name":"(anonymous_1)","decl":{"start":{"line":7,"column":14},"end":{"line":7,"column":15}},"loc":{"start":{"line":7,"column":24},"end":{"line":10,"column":9}},"line":7},"2":{"name":"(anonymous_2)","decl":{"start":{"line":15,"column":21},"end":{"line":15,"column":22}},"loc":{"start":{"line":15,"column":41},"end":{"line":23,"column":1}},"line":15},"3":{"name":"(anonymous_3)","decl":{"start":{"line":19,"column":14},"end":{"line":19,"column":15}},"loc":{"start":{"line":19,"column":24},"end":{"line":21,"column":9}},"line":19},"4":{"name":"(anonymous_4)","decl":{"start":{"line":26,"column":24},"end":{"line":26,"column":25}},"loc":{"start":{"line":26,"column":44},"end":{"line":30,"column":1}},"line":26},"5":{"name":"(anonymous_5)","decl":{"start":{"line":28,"column":14},"end":{"line":28,"column":15}},"loc":{"start":{"line":28,"column":25},"end":{"line":28,"column":46}},"line":28},"6":{"name":"(anonymous_6)","decl":{"start":{"line":33,"column":22},"end":{"line":33,"column":23}},"loc":{"start":{"line":33,"column":42},"end":{"line":40,"column":1}},"line":33},"7":{"name":"(anonymous_7)","decl":{"start":{"line":35,"column":14},"end":{"line":35,"column":15}},"loc":{"start":{"line":35,"column":24},"end":{"line":38,"column":9}},"line":35},"8":{"name":"(anonymous_8)","decl":{"start":{"line":43,"column":23},"end":{"line":43,"column":24}},"loc":{"start":{"line":43,"column":43},"end":{"line":50,"column":1}},"line":43},"9":{"name":"(anonymous_9)","decl":{"start":{"line":45,"column":14},"end":{"line":45,"column":15}},"loc":{"start":{"line":45,"column":24},"end":{"line":48,"column":9}},"line":45},"10":{"name":"(anonymous_10)","decl":{"start":{"line":54,"column":25},"end":{"line":54,"column":26}},"loc":{"start":{"line":54,"column":45},"end":{"line":71,"column":1}},"line":54},"11":{"name":"(anonymous_11)","decl":{"start":{"line":62,"column":14},"end":{"line":62,"column":15}},"loc":{"start":{"line":62,"column":24},"end":{"line":68,"column":9}},"line":62},"12":{"name":"(anonymous_12)","decl":{"start":{"line":74,"column":25},"end":{"line":74,"column":26}},"loc":{"start":{"line":74,"column":45},"end":{"line":85,"column":1}},"line":74},"13":{"name":"(anonymous_13)","decl":{"start":{"line":77,"column":14},"end":{"line":77,"column":15}},"loc":{"start":{"line":77,"column":24},"end":{"line":83,"column":9}},"line":77},"14":{"name":"(anonymous_14)","decl":{"start":{"line":87,"column":26},"end":{"line":87,"column":27}},"loc":{"start":{"line":87,"column":40},"end":{"line":92,"column":1}},"line":87}},"branchMap":{"0":{"loc":{"start":{"line":36,"column":12},"end":{"line":36,"column":80}},"type":"if","locations":[{"start":{"line":36,"column":12},"end":{"line":36,"column":80}},{"start":{},"end":{}}],"line":36},"1":{"loc":{"start":{"line":46,"column":12},"end":{"line":46,"column":80}},"type":"if","locations":[{"start":{"line":46,"column":12},"end":{"line":46,"column":80}},{"start":{},"end":{}}],"line":46},"2":{"loc":{"start":{"line":63,"column":12},"end":{"line":66,"column":13}},"type":"if","locations":[{"start":{"line":63,"column":12},"end":{"line":66,"column":13}},{"start":{},"end":{}}],"line":63},"3":{"loc":{"start":{"line":78,"column":12},"end":{"line":81,"column":13}},"type":"if","locations":[{"start":{"line":78,"column":12},"end":{"line":81,"column":13}},{"start":{},"end":{}}],"line":78},"4":{"loc":{"start":{"line":88,"column":4},"end":{"line":90,"column":5}},"type":"if","locations":[{"start":{"line":88,"column":4},"end":{"line":90,"column":5}},{"start":{},"end":{}}],"line":88}},"s":{"0":3,"1":3,"2":1,"3":1,"4":1,"5":3,"6":4,"7":4,"8":0,"9":3,"10":0,"11":0,"12":3,"13":0,"14":0,"15":0,"16":0,"17":3,"18":0,"19":0,"20":0,"21":0,"22":3,"23":1,"24":1,"25":1,"26":1,"27":1,"28":1,"29":0,"30":3,"31":1,"32":1,"33":1,"34":1,"35":1,"36":0,"37":3,"38":0,"39":0,"40":0},"f":{"0":1,"1":1,"2":4,"3":0,"4":0,"5":0,"6":0,"7":0,"8":0,"9":0,"10":1,"11":1,"12":1,"13":1,"14":0},"b":{"0":[0,0],"1":[0,0],"2":[1,0],"3":[1,0],"4":[0,0]},"_coverageSchema":"1a1c01bbd47fc00a2c39e90264f33305004495a9","hash":"2bfa023e88d7839a3340bd68e1e16b526ea4143a"}
,"E:\\backup files\\Web API\\Restaurant POS API\\task1-web-api-NiteshMaharjan99\\controllers\\order_controller.js": {"path":"E:\\backup files\\Web API\\Restaurant POS API\\task1-web-api-NiteshMaharjan99\\controllers\\order_controller.js","statementMap":{"0":{"start":{"line":2,"column":14},"end":{"line":2,"column":39}},"1":{"start":{"line":3,"column":13},"end":{"line":3,"column":37}},"2":{"start":{"line":5,"column":0},"end":{"line":9,"column":2}},"3":{"start":{"line":6,"column":4},"end":{"line":8,"column":21}},"4":{"start":{"line":7,"column":26},"end":{"line":7,"column":42}},"5":{"start":{"line":11,"column":0},"end":{"line":18,"column":2}},"6":{"start":{"line":12,"column":4},"end":{"line":17,"column":21}},"7":{"start":{"line":14,"column":12},"end":{"line":14,"column":82}},"8":{"start":{"line":14,"column":24},"end":{"line":14,"column":82}},"9":{"start":{"line":15,"column":12},"end":{"line":15,"column":28}},"10":{"start":{"line":20,"column":0},"end":{"line":37,"column":2}},"11":{"start":{"line":21,"column":19},"end":{"line":21,"column":31}},"12":{"start":{"line":22,"column":14},"end":{"line":22,"column":16}},"13":{"start":{"line":23,"column":4},"end":{"line":35,"column":22}},"14":{"start":{"line":26,"column":12},"end":{"line":32,"column":14}},"15":{"start":{"line":27,"column":16},"end":{"line":31,"column":18}},"16":{"start":{"line":33,"column":12},"end":{"line":33,"column":28}},"17":{"start":{"line":34,"column":12},"end":{"line":34,"column":63}},"18":{"start":{"line":39,"column":0},"end":{"line":47,"column":2}},"19":{"start":{"line":40,"column":19},"end":{"line":40,"column":27}},"20":{"start":{"line":41,"column":25},"end":{"line":41,"column":38}},"21":{"start":{"line":44,"column":4},"end":{"line":46,"column":21}},"22":{"start":{"line":45,"column":24},"end":{"line":45,"column":96}},"23":{"start":{"line":50,"column":0},"end":{"line":66,"column":2}},"24":{"start":{"line":51,"column":18},"end":{"line":51,"column":65}},"25":{"start":{"line":52,"column":49},"end":{"line":52,"column":57}},"26":{"start":{"line":53,"column":4},"end":{"line":64,"column":20}},"27":{"start":{"line":58,"column":8},"end":{"line":61,"column":9}},"28":{"start":{"line":59,"column":12},"end":{"line":59,"column":27}},"29":{"start":{"line":60,"column":12},"end":{"line":60,"column":53}},"30":{"start":{"line":62,"column":8},"end":{"line":62,"column":23}},"31":{"start":{"line":69,"column":0},"end":{"line":73,"column":1}},"32":{"start":{"line":70,"column":4},"end":{"line":72,"column":20}},"33":{"start":{"line":71,"column":25},"end":{"line":71,"column":46}},"34":{"start":{"line":75,"column":0},"end":{"line":81,"column":2}},"35":{"start":{"line":76,"column":18},"end":{"line":76,"column":47}},"36":{"start":{"line":77,"column":4},"end":{"line":80,"column":22}},"37":{"start":{"line":79,"column":12},"end":{"line":79,"column":75}}},"fnMap":{"0":{"name":"(anonymous_0)","decl":{"start":{"line":5,"column":23},"end":{"line":5,"column":24}},"loc":{"start":{"line":5,"column":43},"end":{"line":9,"column":1}},"line":5},"1":{"name":"(anonymous_1)","decl":{"start":{"line":7,"column":14},"end":{"line":7,"column":15}},"loc":{"start":{"line":7,"column":26},"end":{"line":7,"column":42}},"line":7},"2":{"name":"(anonymous_2)","decl":{"start":{"line":11,"column":23},"end":{"line":11,"column":24}},"loc":{"start":{"line":11,"column":43},"end":{"line":18,"column":1}},"line":11},"3":{"name":"(anonymous_3)","decl":{"start":{"line":13,"column":14},"end":{"line":13,"column":15}},"loc":{"start":{"line":13,"column":25},"end":{"line":16,"column":9}},"line":13},"4":{"name":"(anonymous_4)","decl":{"start":{"line":20,"column":25},"end":{"line":20,"column":26}},"loc":{"start":{"line":20,"column":45},"end":{"line":37,"column":1}},"line":20},"5":{"name":"(anonymous_5)","decl":{"start":{"line":25,"column":14},"end":{"line":25,"column":15}},"loc":{"start":{"line":25,"column":24},"end":{"line":35,"column":9}},"line":25},"6":{"name":"(anonymous_6)","decl":{"start":{"line":26,"column":21},"end":{"line":26,"column":22}},"loc":{"start":{"line":26,"column":29},"end":{"line":32,"column":13}},"line":26},"7":{"name":"(anonymous_7)","decl":{"start":{"line":39,"column":22},"end":{"line":39,"column":23}},"loc":{"start":{"line":39,"column":42},"end":{"line":47,"column":1}},"line":39},"8":{"name":"(anonymous_8)","decl":{"start":{"line":45,"column":14},"end":{"line":45,"column":15}},"loc":{"start":{"line":45,"column":24},"end":{"line":45,"column":96}},"line":45},"9":{"name":"(anonymous_9)","decl":{"start":{"line":50,"column":26},"end":{"line":50,"column":27}},"loc":{"start":{"line":50,"column":46},"end":{"line":66,"column":1}},"line":50},"10":{"name":"(anonymous_10)","decl":{"start":{"line":57,"column":11},"end":{"line":57,"column":12}},"loc":{"start":{"line":57,"column":22},"end":{"line":63,"column":5}},"line":57},"11":{"name":"(anonymous_11)","decl":{"start":{"line":69,"column":25},"end":{"line":69,"column":26}},"loc":{"start":{"line":69,"column":45},"end":{"line":73,"column":1}},"line":69},"12":{"name":"(anonymous_12)","decl":{"start":{"line":71,"column":14},"end":{"line":71,"column":15}},"loc":{"start":{"line":71,"column":25},"end":{"line":71,"column":46}},"line":71},"13":{"name":"(anonymous_13)","decl":{"start":{"line":75,"column":26},"end":{"line":75,"column":27}},"loc":{"start":{"line":75,"column":46},"end":{"line":81,"column":1}},"line":75},"14":{"name":"(anonymous_14)","decl":{"start":{"line":78,"column":14},"end":{"line":78,"column":15}},"loc":{"start":{"line":78,"column":24},"end":{"line":80,"column":9}},"line":78}},"branchMap":{"0":{"loc":{"start":{"line":14,"column":12},"end":{"line":14,"column":82}},"type":"if","locations":[{"start":{"line":14,"column":12},"end":{"line":14,"column":82}},{"start":{},"end":{}}],"line":14},"1":{"loc":{"start":{"line":58,"column":8},"end":{"line":61,"column":9}},"type":"if","locations":[{"start":{"line":58,"column":8},"end":{"line":61,"column":9}},{"start":{},"end":{}}],"line":58}},"s":{"0":3,"1":3,"2":3,"3":0,"4":0,"5":3,"6":0,"7":0,"8":0,"9":0,"10":3,"11":0,"12":0,"13":0,"14":0,"15":0,"16":0,"17":0,"18":3,"19":0,"20":0,"21":0,"22":0,"23":3,"24":0,"25":0,"26":0,"27":0,"28":0,"29":0,"30":0,"31":3,"32":0,"33":0,"34":3,"35":0,"36":0,"37":0},"f":{"0":0,"1":0,"2":0,"3":0,"4":0,"5":0,"6":0,"7":0,"8":0,"9":0,"10":0,"11":0,"12":0,"13":0,"14":0},"b":{"0":[0,0],"1":[0,0]},"_coverageSchema":"1a1c01bbd47fc00a2c39e90264f33305004495a9","hash":"1ed5c3354f57878d16692ffb8efc9748d9725dae"}
,"E:\\backup files\\Web API\\Restaurant POS API\\task1-web-api-NiteshMaharjan99\\controllers\\userController.js": {"path":"E:\\backup files\\Web API\\Restaurant POS API\\task1-web-api-NiteshMaharjan99\\controllers\\userController.js","statementMap":{"0":{"start":{"line":1,"column":18},"end":{"line":1,"column":47}},"1":{"start":{"line":4,"column":24},"end":{"line":20,"column":1}},"2":{"start":{"line":5,"column":2},"end":{"line":19,"column":3}},"3":{"start":{"line":6,"column":33},"end":{"line":6,"column":41}},"4":{"start":{"line":7,"column":17},"end":{"line":7,"column":78}},"5":{"start":{"line":8,"column":4},"end":{"line":15,"column":5}},"6":{"start":{"line":9,"column":6},"end":{"line":9,"column":33}},"7":{"start":{"line":11,"column":6},"end":{"line":14,"column":8}},"8":{"start":{"line":18,"column":4},"end":{"line":18,"column":23}},"9":{"start":{"line":23,"column":27},"end":{"line":32,"column":1}},"10":{"start":{"line":24,"column":2},"end":{"line":31,"column":3}},"11":{"start":{"line":25,"column":20},"end":{"line":25,"column":66}},"12":{"start":{"line":26,"column":4},"end":{"line":26,"column":25}},"13":{"start":{"line":27,"column":4},"end":{"line":27,"column":57}},"14":{"start":{"line":29,"column":4},"end":{"line":29,"column":41}},"15":{"start":{"line":30,"column":4},"end":{"line":30,"column":23}},"16":{"start":{"line":36,"column":0},"end":{"line":36,"column":57}}},"fnMap":{"0":{"name":"(anonymous_0)","decl":{"start":{"line":4,"column":24},"end":{"line":4,"column":25}},"loc":{"start":{"line":4,"column":44},"end":{"line":20,"column":1}},"line":4},"1":{"name":"(anonymous_1)","decl":{"start":{"line":23,"column":27},"end":{"line":23,"column":28}},"loc":{"start":{"line":23,"column":47},"end":{"line":32,"column":1}},"line":23}},"branchMap":{"0":{"loc":{"start":{"line":8,"column":4},"end":{"line":15,"column":5}},"type":"if","locations":[{"start":{"line":8,"column":4},"end":{"line":15,"column":5}},{"start":{"line":10,"column":11},"end":{"line":15,"column":5}}],"line":8}},"s":{"0":3,"1":3,"2":0,"3":0,"4":0,"5":0,"6":0,"7":0,"8":0,"9":3,"10":0,"11":0,"12":0,"13":0,"14":0,"15":0,"16":3},"f":{"0":0,"1":0},"b":{"0":[0,0]},"_coverageSchema":"1a1c01bbd47fc00a2c39e90264f33305004495a9","hash":"8c4ef5d4f70569b68bfc2474c76a0a8ae752280a"}
,"E:\\backup files\\Web API\\Restaurant POS API\\task1-web-api-NiteshMaharjan99\\controllers\\user_controller.js": {"path":"E:\\backup files\\Web API\\Restaurant POS API\\task1-web-api-NiteshMaharjan99\\controllers\\user_controller.js","statementMap":{"0":{"start":{"line":1,"column":13},"end":{"line":1,"column":37}},"1":{"start":{"line":3,"column":0},"end":{"line":11,"column":1}},"2":{"start":{"line":4,"column":39},"end":{"line":4,"column":47}},"3":{"start":{"line":5,"column":15},"end":{"line":5,"column":28}},"4":{"start":{"line":7,"column":4},"end":{"line":10,"column":22}},"5":{"start":{"line":9,"column":12},"end":{"line":9,"column":70}},"6":{"start":{"line":13,"column":0},"end":{"line":18,"column":1}},"7":{"start":{"line":14,"column":4},"end":{"line":17,"column":22}},"8":{"start":{"line":16,"column":12},"end":{"line":16,"column":64}},"9":{"start":{"line":20,"column":0},"end":{"line":26,"column":1}},"10":{"start":{"line":21,"column":15},"end":{"line":21,"column":28}},"11":{"start":{"line":22,"column":4},"end":{"line":25,"column":22}},"12":{"start":{"line":24,"column":12},"end":{"line":24,"column":64}},"13":{"start":{"line":29,"column":0},"end":{"line":35,"column":1}},"14":{"start":{"line":30,"column":15},"end":{"line":30,"column":23}},"15":{"start":{"line":31,"column":4},"end":{"line":34,"column":22}},"16":{"start":{"line":33,"column":12},"end":{"line":33,"column":64}}},"fnMap":{"0":{"name":"(anonymous_0)","decl":{"start":{"line":3,"column":21},"end":{"line":3,"column":22}},"loc":{"start":{"line":3,"column":41},"end":{"line":11,"column":1}},"line":3},"1":{"name":"(anonymous_1)","decl":{"start":{"line":8,"column":14},"end":{"line":8,"column":15}},"loc":{"start":{"line":8,"column":24},"end":{"line":10,"column":9}},"line":8},"2":{"name":"(anonymous_2)","decl":{"start":{"line":13,"column":22},"end":{"line":13,"column":23}},"loc":{"start":{"line":13,"column":42},"end":{"line":18,"column":1}},"line":13},"3":{"name":"(anonymous_3)","decl":{"start":{"line":15,"column":14},"end":{"line":15,"column":15}},"loc":{"start":{"line":15,"column":24},"end":{"line":17,"column":9}},"line":15},"4":{"name":"(anonymous_4)","decl":{"start":{"line":20,"column":24},"end":{"line":20,"column":25}},"loc":{"start":{"line":20,"column":44},"end":{"line":26,"column":1}},"line":20},"5":{"name":"(anonymous_5)","decl":{"start":{"line":23,"column":14},"end":{"line":23,"column":15}},"loc":{"start":{"line":23,"column":24},"end":{"line":25,"column":9}},"line":23},"6":{"name":"(anonymous_6)","decl":{"start":{"line":29,"column":22},"end":{"line":29,"column":23}},"loc":{"start":{"line":29,"column":42},"end":{"line":35,"column":1}},"line":29},"7":{"name":"(anonymous_7)","decl":{"start":{"line":32,"column":14},"end":{"line":32,"column":15}},"loc":{"start":{"line":32,"column":24},"end":{"line":34,"column":9}},"line":32}},"branchMap":{},"s":{"0":3,"1":3,"2":0,"3":0,"4":0,"5":0,"6":3,"7":0,"8":0,"9":3,"10":0,"11":0,"12":0,"13":3,"14":0,"15":0,"16":0},"f":{"0":0,"1":0,"2":0,"3":0,"4":0,"5":0,"6":0,"7":0},"b":{},"_coverageSchema":"1a1c01bbd47fc00a2c39e90264f33305004495a9","hash":"78c679cf6ade1627e37df40ac208812096c51096"}
,"E:\\backup files\\Web API\\Restaurant POS API\\task1-web-api-NiteshMaharjan99\\middlewares\\auth.js": {"path":"E:\\backup files\\Web API\\Restaurant POS API\\task1-web-api-NiteshMaharjan99\\middlewares\\auth.js","statementMap":{"0":{"start":{"line":1,"column":12},"end":{"line":1,"column":35}},"1":{"start":{"line":3,"column":19},"end":{"line":16,"column":1}},"2":{"start":{"line":5,"column":23},"end":{"line":5,"column":48}},"3":{"start":{"line":6,"column":4},"end":{"line":6,"column":85}},"4":{"start":{"line":6,"column":21},"end":{"line":6,"column":85}},"5":{"start":{"line":8,"column":18},"end":{"line":8,"column":42}},"6":{"start":{"line":10,"column":4},"end":{"line":13,"column":6}},"7":{"start":{"line":11,"column":8},"end":{"line":11,"column":68}},"8":{"start":{"line":11,"column":17},"end":{"line":11,"column":68}},"9":{"start":{"line":12,"column":8},"end":{"line":12,"column":26}},"10":{"start":{"line":15,"column":4},"end":{"line":15,"column":10}},"11":{"start":{"line":18,"column":20},"end":{"line":21,"column":1}},"12":{"start":{"line":19,"column":4},"end":{"line":19,"column":48}},"13":{"start":{"line":19,"column":35},"end":{"line":19,"column":48}},"14":{"start":{"line":20,"column":4},"end":{"line":20,"column":61}},"15":{"start":{"line":23,"column":0},"end":{"line":23,"column":44}}},"fnMap":{"0":{"name":"(anonymous_0)","decl":{"start":{"line":3,"column":19},"end":{"line":3,"column":20}},"loc":{"start":{"line":3,"column":39},"end":{"line":16,"column":1}},"line":3},"1":{"name":"(anonymous_1)","decl":{"start":{"line":10,"column":42},"end":{"line":10,"column":43}},"loc":{"start":{"line":10,"column":60},"end":{"line":13,"column":5}},"line":10},"2":{"name":"(anonymous_2)","decl":{"start":{"line":18,"column":20},"end":{"line":18,"column":21}},"loc":{"start":{"line":18,"column":40},"end":{"line":21,"column":1}},"line":18}},"branchMap":{"0":{"loc":{"start":{"line":6,"column":4},"end":{"line":6,"column":85}},"type":"if","locations":[{"start":{"line":6,"column":4},"end":{"line":6,"column":85}},{"start":{},"end":{}}],"line":6},"1":{"loc":{"start":{"line":11,"column":8},"end":{"line":11,"column":68}},"type":"if","locations":[{"start":{"line":11,"column":8},"end":{"line":11,"column":68}},{"start":{},"end":{}}],"line":11},"2":{"loc":{"start":{"line":19,"column":4},"end":{"line":19,"column":48}},"type":"if","locations":[{"start":{"line":19,"column":4},"end":{"line":19,"column":48}},{"start":{},"end":{}}],"line":19}},"s":{"0":3,"1":3,"2":10,"3":10,"4":1,"5":9,"6":9,"7":9,"8":0,"9":9,"10":9,"11":3,"12":0,"13":0,"14":0,"15":3},"f":{"0":10,"1":9,"2":0},"b":{"0":[1,9],"1":[0,9],"2":[0,0]},"_coverageSchema":"1a1c01bbd47fc00a2c39e90264f33305004495a9","hash":"b56d10bca10a1e927f69915e7ccbf9d069bc78c9"}
,"E:\\backup files\\Web API\\Restaurant POS API\\task1-web-api-NiteshMaharjan99\\middlewares\\upload.js": {"path":"E:\\backup files\\Web API\\Restaurant POS API\\task1-web-api-NiteshMaharjan99\\middlewares\\upload.js","statementMap":{"0":{"start":{"line":1,"column":15},"end":{"line":1,"column":32}},"1":{"start":{"line":3,"column":13},"end":{"line":3,"column":31}},"2":{"start":{"line":5,"column":13},"end":{"line":5,"column":28}},"3":{"start":{"line":8,"column":16},"end":{"line":16,"column":2}},"4":{"start":{"line":10,"column":8},"end":{"line":10,"column":34}},"5":{"start":{"line":13,"column":20},"end":{"line":13,"column":65}},"6":{"start":{"line":14,"column":8},"end":{"line":14,"column":52}},"7":{"start":{"line":18,"column":19},"end":{"line":26,"column":1}},"8":{"start":{"line":19,"column":16},"end":{"line":19,"column":61}},"9":{"start":{"line":21,"column":4},"end":{"line":23,"column":5}},"10":{"start":{"line":22,"column":8},"end":{"line":22,"column":67}},"11":{"start":{"line":24,"column":4},"end":{"line":24,"column":17}},"12":{"start":{"line":28,"column":15},"end":{"line":32,"column":2}},"13":{"start":{"line":34,"column":0},"end":{"line":34,"column":23}}},"fnMap":{"0":{"name":"(anonymous_0)","decl":{"start":{"line":9,"column":17},"end":{"line":9,"column":18}},"loc":{"start":{"line":9,"column":34},"end":{"line":11,"column":5}},"line":9},"1":{"name":"(anonymous_1)","decl":{"start":{"line":12,"column":14},"end":{"line":12,"column":15}},"loc":{"start":{"line":12,"column":32},"end":{"line":15,"column":5}},"line":12},"2":{"name":"(anonymous_2)","decl":{"start":{"line":18,"column":19},"end":{"line":18,"column":20}},"loc":{"start":{"line":18,"column":38},"end":{"line":26,"column":1}},"line":18}},"branchMap":{"0":{"loc":{"start":{"line":21,"column":4},"end":{"line":23,"column":5}},"type":"if","locations":[{"start":{"line":21,"column":4},"end":{"line":23,"column":5}},{"start":{},"end":{}}],"line":21}},"s":{"0":3,"1":3,"2":3,"3":3,"4":0,"5":0,"6":0,"7":3,"8":0,"9":0,"10":0,"11":0,"12":3,"13":3},"f":{"0":0,"1":0,"2":0},"b":{"0":[0,0]},"_coverageSchema":"1a1c01bbd47fc00a2c39e90264f33305004495a9","hash":"f4a031472668089bbfffe9624c4e8dcb9eb48f6a"}
,"E:\\backup files\\Web API\\Restaurant POS API\\task1-web-api-NiteshMaharjan99\\model\\Menu.js": {"path":"E:\\backup files\\Web API\\Restaurant POS API\\task1-web-api-NiteshMaharjan99\\model\\Menu.js","statementMap":{"0":{"start":{"line":1,"column":17},"end":{"line":1,"column":36}},"1":{"start":{"line":3,"column":19},"end":{"line":20,"column":2}},"2":{"start":{"line":22,"column":0},"end":{"line":22,"column":52}}},"fnMap":{},"branchMap":{},"s":{"0":3,"1":3,"2":3},"f":{},"b":{},"_coverageSchema":"1a1c01bbd47fc00a2c39e90264f33305004495a9","hash":"c4f62c3cb68a74e816ff99055db562f8c89623aa"}
,"E:\\backup files\\Web API\\Restaurant POS API\\task1-web-api-NiteshMaharjan99\\model\\Order.js": {"path":"E:\\backup files\\Web API\\Restaurant POS API\\task1-web-api-NiteshMaharjan99\\model\\Order.js","statementMap":{"0":{"start":{"line":1,"column":17},"end":{"line":1,"column":36}},"1":{"start":{"line":3,"column":20},"end":{"line":19,"column":1}},"2":{"start":{"line":21,"column":14},"end":{"line":21,"column":50}},"3":{"start":{"line":23,"column":0},"end":{"line":23,"column":23}}},"fnMap":{},"branchMap":{},"s":{"0":3,"1":3,"2":3,"3":3},"f":{},"b":{},"_coverageSchema":"1a1c01bbd47fc00a2c39e90264f33305004495a9","hash":"ecbcd8709b0bae5739772a01050a874076b281fe"}
,"E:\\backup files\\Web API\\Restaurant POS API\\task1-web-api-NiteshMaharjan99\\model\\User.js": {"path":"E:\\backup files\\Web API\\Restaurant POS API\\task1-web-api-NiteshMaharjan99\\model\\User.js","statementMap":{"0":{"start":{"line":1,"column":17},"end":{"line":1,"column":36}},"1":{"start":{"line":3,"column":19},"end":{"line":32,"column":2}},"2":{"start":{"line":34,"column":0},"end":{"line":34,"column":55}}},"fnMap":{},"branchMap":{},"s":{"0":3,"1":3,"2":3},"f":{},"b":{},"_coverageSchema":"1a1c01bbd47fc00a2c39e90264f33305004495a9","hash":"4a02ec03d346e879e36942d49ad4755950b78b67"}
,"E:\\backup files\\Web API\\Restaurant POS API\\task1-web-api-NiteshMaharjan99\\model\\billsModel.js": {"path":"E:\\backup files\\Web API\\Restaurant POS API\\task1-web-api-NiteshMaharjan99\\model\\billsModel.js","statementMap":{"0":{"start":{"line":1,"column":17},"end":{"line":1,"column":36}},"1":{"start":{"line":3,"column":19},"end":{"line":39,"column":1}},"2":{"start":{"line":41,"column":14},"end":{"line":41,"column":49}},"3":{"start":{"line":43,"column":0},"end":{"line":43,"column":23}}},"fnMap":{},"branchMap":{},"s":{"0":3,"1":3,"2":3,"3":3},"f":{},"b":{},"_coverageSchema":"1a1c01bbd47fc00a2c39e90264f33305004495a9","hash":"ca4954a80c599c098b08f83a5ab96604a2fd9517"}
,"E:\\backup files\\Web API\\Restaurant POS API\\task1-web-api-NiteshMaharjan99\\model\\itemModel.js": {"path":"E:\\backup files\\Web API\\Restaurant POS API\\task1-web-api-NiteshMaharjan99\\model\\itemModel.js","statementMap":{"0":{"start":{"line":1,"column":17},"end":{"line":1,"column":36}},"1":{"start":{"line":3,"column":19},"end":{"line":23,"column":1}},"2":{"start":{"line":25,"column":14},"end":{"line":25,"column":49}},"3":{"start":{"line":27,"column":0},"end":{"line":27,"column":23}}},"fnMap":{},"branchMap":{},"s":{"0":3,"1":3,"2":3,"3":3},"f":{},"b":{},"_coverageSchema":"1a1c01bbd47fc00a2c39e90264f33305004495a9","hash":"10dd0754746853ce042a2433525ad54513e6945a"}
,"E:\\backup files\\Web API\\Restaurant POS API\\task1-web-api-NiteshMaharjan99\\model\\userModel.js": {"path":"E:\\backup files\\Web API\\Restaurant POS API\\task1-web-api-NiteshMaharjan99\\model\\userModel.js","statementMap":{"0":{"start":{"line":1,"column":17},"end":{"line":1,"column":36}},"1":{"start":{"line":3,"column":19},"end":{"line":22,"column":1}},"2":{"start":{"line":24,"column":14},"end":{"line":24,"column":49}},"3":{"start":{"line":26,"column":0},"end":{"line":26,"column":23}}},"fnMap":{},"branchMap":{},"s":{"0":3,"1":3,"2":3,"3":3},"f":{},"b":{},"_coverageSchema":"1a1c01bbd47fc00a2c39e90264f33305004495a9","hash":"aaa41658f7b6140fe0910b456877ab2cc952e990"}
,"E:\\backup files\\Web API\\Restaurant POS API\\task1-web-api-NiteshMaharjan99\\routes\\billsRoute.js": {"path":"E:\\backup files\\Web API\\Restaurant POS API\\task1-web-api-NiteshMaharjan99\\routes\\billsRoute.js","statementMap":{"0":{"start":{"line":1,"column":16},"end":{"line":1,"column":34}},"1":{"start":{"line":5,"column":4},"end":{"line":5,"column":47}},"2":{"start":{"line":7,"column":15},"end":{"line":7,"column":31}},"3":{"start":{"line":12,"column":0},"end":{"line":12,"column":46}},"4":{"start":{"line":15,"column":0},"end":{"line":15,"column":44}},"5":{"start":{"line":18,"column":0},"end":{"line":18,"column":24}}},"fnMap":{},"branchMap":{},"s":{"0":3,"1":3,"2":3,"3":3,"4":3,"5":3},"f":{},"b":{},"_coverageSchema":"1a1c01bbd47fc00a2c39e90264f33305004495a9","hash":"5251b90eb06cc031f88cebf51ccd9843642a0f16"}
,"E:\\backup files\\Web API\\Restaurant POS API\\task1-web-api-NiteshMaharjan99\\routes\\itemRoutes.js": {"path":"E:\\backup files\\Web API\\Restaurant POS API\\task1-web-api-NiteshMaharjan99\\routes\\itemRoutes.js","statementMap":{"0":{"start":{"line":1,"column":16},"end":{"line":1,"column":34}},"1":{"start":{"line":7,"column":4},"end":{"line":7,"column":46}},"2":{"start":{"line":9,"column":15},"end":{"line":9,"column":31}},"3":{"start":{"line":13,"column":0},"end":{"line":13,"column":43}},"4":{"start":{"line":16,"column":0},"end":{"line":16,"column":44}},"5":{"start":{"line":19,"column":0},"end":{"line":19,"column":45}},"6":{"start":{"line":22,"column":0},"end":{"line":22,"column":50}},"7":{"start":{"line":24,"column":0},"end":{"line":24,"column":24}}},"fnMap":{},"branchMap":{},"s":{"0":3,"1":3,"2":3,"3":3,"4":3,"5":3,"6":3,"7":3},"f":{},"b":{},"_coverageSchema":"1a1c01bbd47fc00a2c39e90264f33305004495a9","hash":"c45f43b47e212b4f5702c73af230509b29b38b96"}
,"E:\\backup files\\Web API\\Restaurant POS API\\task1-web-api-NiteshMaharjan99\\routes\\menu_routes.js": {"path":"E:\\backup files\\Web API\\Restaurant POS API\\task1-web-api-NiteshMaharjan99\\routes\\menu_routes.js","statementMap":{"0":{"start":{"line":1,"column":16},"end":{"line":1,"column":34}},"1":{"start":{"line":2,"column":36},"end":{"line":2,"column":66}},"2":{"start":{"line":3,"column":23},"end":{"line":3,"column":64}},"3":{"start":{"line":4,"column":15},"end":{"line":4,"column":47}},"4":{"start":{"line":6,"column":15},"end":{"line":6,"column":31}},"5":{"start":{"line":8,"column":0},"end":{"line":11,"column":53}},"6":{"start":{"line":13,"column":0},"end":{"line":16,"column":42}},"7":{"start":{"line":18,"column":0},"end":{"line":19,"column":41}},"8":{"start":{"line":21,"column":0},"end":{"line":21,"column":23}}},"fnMap":{},"branchMap":{},"s":{"0":3,"1":3,"2":3,"3":3,"4":3,"5":3,"6":3,"7":3,"8":3},"f":{},"b":{},"_coverageSchema":"1a1c01bbd47fc00a2c39e90264f33305004495a9","hash":"77749685a4ab9a20d357cef757dfc7f79601ed01"}
,"E:\\backup files\\Web API\\Restaurant POS API\\task1-web-api-NiteshMaharjan99\\routes\\order_routes.js": {"path":"E:\\backup files\\Web API\\Restaurant POS API\\task1-web-api-NiteshMaharjan99\\routes\\order_routes.js","statementMap":{"0":{"start":{"line":1,"column":16},"end":{"line":1,"column":34}},"1":{"start":{"line":2,"column":36},"end":{"line":2,"column":66}},"2":{"start":{"line":3,"column":24},"end":{"line":3,"column":66}},"3":{"start":{"line":5,"column":15},"end":{"line":5,"column":31}},"4":{"start":{"line":7,"column":0},"end":{"line":9,"column":2}},"5":{"start":{"line":11,"column":0},"end":{"line":13,"column":55}},"6":{"start":{"line":15,"column":0},"end":{"line":17,"column":41}},"7":{"start":{"line":19,"column":0},"end":{"line":19,"column":73}},"8":{"start":{"line":22,"column":0},"end":{"line":22,"column":23}}},"fnMap":{},"branchMap":{},"s":{"0":3,"1":3,"2":3,"3":3,"4":3,"5":3,"6":3,"7":3,"8":3},"f":{},"b":{},"_coverageSchema":"1a1c01bbd47fc00a2c39e90264f33305004495a9","hash":"5dcbdaef5eeca8483dc6127b54a19651ec3a8ffa"}
,"E:\\backup files\\Web API\\Restaurant POS API\\task1-web-api-NiteshMaharjan99\\routes\\userRoutes.js": {"path":"E:\\backup files\\Web API\\Restaurant POS API\\task1-web-api-NiteshMaharjan99\\routes\\userRoutes.js","statementMap":{"0":{"start":{"line":1,"column":16},"end":{"line":1,"column":34}},"1":{"start":{"line":5,"column":4},"end":{"line":5,"column":46}},"2":{"start":{"line":7,"column":15},"end":{"line":7,"column":31}},"3":{"start":{"line":11,"column":0},"end":{"line":11,"column":39}},"4":{"start":{"line":14,"column":0},"end":{"line":14,"column":45}},"5":{"start":{"line":18,"column":0},"end":{"line":18,"column":24}}},"fnMap":{},"branchMap":{},"s":{"0":3,"1":3,"2":3,"3":3,"4":3,"5":3},"f":{},"b":{},"_coverageSchema":"1a1c01bbd47fc00a2c39e90264f33305004495a9","hash":"38fb0fb52626d8a3b1df4ffcb29820b494e1f8ee"}
,"E:\\backup files\\Web API\\Restaurant POS API\\task1-web-api-NiteshMaharjan99\\routes\\user_routes.js": {"path":"E:\\backup files\\Web API\\Restaurant POS API\\task1-web-api-NiteshMaharjan99\\routes\\user_routes.js","statementMap":{"0":{"start":{"line":1,"column":16},"end":{"line":1,"column":34}},"1":{"start":{"line":3,"column":0},"end":{"line":3,"column":26}},"2":{"start":{"line":5,"column":15},"end":{"line":5,"column":34}},"3":{"start":{"line":7,"column":12},"end":{"line":7,"column":35}},"4":{"start":{"line":9,"column":13},"end":{"line":9,"column":37}},"5":{"start":{"line":11,"column":15},"end":{"line":11,"column":31}},"6":{"start":{"line":13,"column":23},"end":{"line":13,"column":64}},"7":{"start":{"line":15,"column":23},"end":{"line":15,"column":53}},"8":{"start":{"line":18,"column":0},"end":{"line":37,"column":2}},"9":{"start":{"line":19,"column":4},"end":{"line":36,"column":22}},"10":{"start":{"line":21,"column":12},"end":{"line":22,"column":58}},"11":{"start":{"line":21,"column":22},"end":{"line":22,"column":58}},"12":{"start":{"line":23,"column":12},"end":{"line":35,"column":14}},"13":{"start":{"line":24,"column":16},"end":{"line":24,"column":76}},"14":{"start":{"line":24,"column":25},"end":{"line":24,"column":76}},"15":{"start":{"line":25,"column":29},"end":{"line":31,"column":17}},"16":{"start":{"line":32,"column":16},"end":{"line":34,"column":32}},"17":{"start":{"line":33,"column":37},"end":{"line":33,"column":127}},"18":{"start":{"line":39,"column":0},"end":{"line":63,"column":2}},"19":{"start":{"line":40,"column":35},"end":{"line":40,"column":43}},"20":{"start":{"line":41,"column":4},"end":{"line":62,"column":22}},"21":{"start":{"line":43,"column":12},"end":{"line":44,"column":70}},"22":{"start":{"line":43,"column":23},"end":{"line":44,"column":70}},"23":{"start":{"line":45,"column":12},"end":{"line":61,"column":14}},"24":{"start":{"line":46,"column":16},"end":{"line":46,"column":76}},"25":{"start":{"line":46,"column":25},"end":{"line":46,"column":76}},"26":{"start":{"line":47,"column":16},"end":{"line":47,"column":94}},"27":{"start":{"line":47,"column":30},"end":{"line":47,"column":94}},"28":{"start":{"line":49,"column":32},"end":{"line":52,"column":17}},"29":{"start":{"line":54,"column":16},"end":{"line":60,"column":18}},"30":{"start":{"line":55,"column":20},"end":{"line":55,"column":73}},"31":{"start":{"line":55,"column":29},"end":{"line":55,"column":73}},"32":{"start":{"line":56,"column":20},"end":{"line":59,"column":22}},"33":{"start":{"line":65,"column":0},"end":{"line":65,"column":57}},"34":{"start":{"line":66,"column":0},"end":{"line":66,"column":50}},"35":{"start":{"line":67,"column":0},"end":{"line":67,"column":55}},"36":{"start":{"line":68,"column":0},"end":{"line":68,"column":65}},"37":{"start":{"line":70,"column":0},"end":{"line":70,"column":23}}},"fnMap":{"0":{"name":"(anonymous_0)","decl":{"start":{"line":18,"column":25},"end":{"line":18,"column":26}},"loc":{"start":{"line":18,"column":45},"end":{"line":37,"column":1}},"line":18},"1":{"name":"(anonymous_1)","decl":{"start":{"line":20,"column":14},"end":{"line":20,"column":15}},"loc":{"start":{"line":20,"column":24},"end":{"line":36,"column":9}},"line":20},"2":{"name":"(anonymous_2)","decl":{"start":{"line":23,"column":47},"end":{"line":23,"column":48}},"loc":{"start":{"line":23,"column":62},"end":{"line":35,"column":13}},"line":23},"3":{"name":"(anonymous_3)","decl":{"start":{"line":33,"column":26},"end":{"line":33,"column":27}},"loc":{"start":{"line":33,"column":37},"end":{"line":33,"column":127}},"line":33},"4":{"name":"(anonymous_4)","decl":{"start":{"line":39,"column":22},"end":{"line":39,"column":23}},"loc":{"start":{"line":39,"column":42},"end":{"line":63,"column":1}},"line":39},"5":{"name":"(anonymous_5)","decl":{"start":{"line":42,"column":14},"end":{"line":42,"column":15}},"loc":{"start":{"line":42,"column":22},"end":{"line":62,"column":9}},"line":42},"6":{"name":"(anonymous_6)","decl":{"start":{"line":45,"column":52},"end":{"line":45,"column":53}},"loc":{"start":{"line":45,"column":70},"end":{"line":61,"column":13}},"line":45},"7":{"name":"(anonymous_7)","decl":{"start":{"line":54,"column":75},"end":{"line":54,"column":76}},"loc":{"start":{"line":54,"column":93},"end":{"line":60,"column":17}},"line":54}},"branchMap":{"0":{"loc":{"start":{"line":21,"column":12},"end":{"line":22,"column":58}},"type":"if","locations":[{"start":{"line":21,"column":12},"end":{"line":22,"column":58}},{"start":{},"end":{}}],"line":21},"1":{"loc":{"start":{"line":24,"column":16},"end":{"line":24,"column":76}},"type":"if","locations":[{"start":{"line":24,"column":16},"end":{"line":24,"column":76}},{"start":{},"end":{}}],"line":24},"2":{"loc":{"start":{"line":43,"column":12},"end":{"line":44,"column":70}},"type":"if","locations":[{"start":{"line":43,"column":12},"end":{"line":44,"column":70}},{"start":{},"end":{}}],"line":43},"3":{"loc":{"start":{"line":46,"column":16},"end":{"line":46,"column":76}},"type":"if","locations":[{"start":{"line":46,"column":16},"end":{"line":46,"column":76}},{"start":{},"end":{}}],"line":46},"4":{"loc":{"start":{"line":47,"column":16},"end":{"line":47,"column":94}},"type":"if","locations":[{"start":{"line":47,"column":16},"end":{"line":47,"column":94}},{"start":{},"end":{}}],"line":47},"5":{"loc":{"start":{"line":55,"column":20},"end":{"line":55,"column":73}},"type":"if","locations":[{"start":{"line":55,"column":20},"end":{"line":55,"column":73}},{"start":{},"end":{}}],"line":55}},"s":{"0":3,"1":3,"2":3,"3":3,"4":3,"5":3,"6":3,"7":3,"8":3,"9":4,"10":4,"11":1,"12":3,"13":3,"14":0,"15":3,"16":3,"17":2,"18":3,"19":3,"20":3,"21":3,"22":1,"23":2,"24":2,"25":0,"26":2,"27":0,"28":2,"29":2,"30":2,"31":0,"32":2,"33":3,"34":3,"35":3,"36":3,"37":3},"f":{"0":4,"1":4,"2":3,"3":2,"4":3,"5":3,"6":2,"7":2},"b":{"0":[1,3],"1":[0,3],"2":[1,2],"3":[0,2],"4":[0,2],"5":[0,2]},"_coverageSchema":"1a1c01bbd47fc00a2c39e90264f33305004495a9","hash":"47b6200a6f4cdae44b2b7460efb66128a9897df9"}
}
