{"E:\\backup files\\Web API\\Restaurant POS API\\task1-web-api-NiteshMaharjan99\\app.js": {"path":"E:\\backup files\\Web API\\Restaurant POS API\\task1-web-api-NiteshMaharjan99\\app.js","statementMap":{"0":{"start":{"line":1,"column":16},"end":{"line":1,"column":34}},"1":{"start":{"line":3,"column":17},"end":{"line":3,"column":36}},"2":{"start":{"line":5,"column":12},"end":{"line":5,"column":21}},"3":{"start":{"line":7,"column":26},"end":{"line":7,"column":63}},"4":{"start":{"line":9,"column":20},"end":{"line":9,"column":51}},"5":{"start":{"line":11,"column":21},"end":{"line":11,"column":49}},"6":{"start":{"line":13,"column":15},"end":{"line":13,"column":45}},"7":{"start":{"line":16,"column":0},"end":{"line":18,"column":33}},"8":{"start":{"line":17,"column":12},"end":{"line":17,"column":54}},"9":{"start":{"line":18,"column":16},"end":{"line":18,"column":32}},"10":{"start":{"line":20,"column":0},"end":{"line":20,"column":23}},"11":{"start":{"line":21,"column":0},"end":{"line":21,"column":33}},"12":{"start":{"line":23,"column":0},"end":{"line":25,"column":2}},"13":{"start":{"line":24,"column":4},"end":{"line":24,"column":27}},"14":{"start":{"line":27,"column":0},"end":{"line":27,"column":53}},"15":{"start":{"line":28,"column":0},"end":{"line":28,"column":30}},"16":{"start":{"line":31,"column":0},"end":{"line":33,"column":2}},"17":{"start":{"line":32,"column":4},"end":{"line":32,"column":22}},"18":{"start":{"line":36,"column":0},"end":{"line":42,"column":2}},"19":{"start":{"line":37,"column":4},"end":{"line":37,"column":22}},"20":{"start":{"line":38,"column":4},"end":{"line":39,"column":54}},"21":{"start":{"line":38,"column":40},"end":{"line":38,"column":55}},"22":{"start":{"line":39,"column":9},"end":{"line":39,"column":54}},"23":{"start":{"line":39,"column":39},"end":{"line":39,"column":54}},"24":{"start":{"line":40,"column":4},"end":{"line":40,"column":28}},"25":{"start":{"line":41,"column":4},"end":{"line":41,"column":36}},"26":{"start":{"line":44,"column":0},"end":{"line":46,"column":2}},"27":{"start":{"line":45,"column":4},"end":{"line":45,"column":53}},"28":{"start":{"line":48,"column":0},"end":{"line":48,"column":20}}},"fnMap":{"0":{"name":"(anonymous_0)","decl":{"start":{"line":17,"column":6},"end":{"line":17,"column":7}},"loc":{"start":{"line":17,"column":12},"end":{"line":17,"column":54}},"line":17},"1":{"name":"(anonymous_1)","decl":{"start":{"line":18,"column":7},"end":{"line":18,"column":8}},"loc":{"start":{"line":18,"column":16},"end":{"line":18,"column":32}},"line":18},"2":{"name":"(anonymous_2)","decl":{"start":{"line":23,"column":13},"end":{"line":23,"column":14}},"loc":{"start":{"line":23,"column":27},"end":{"line":25,"column":1}},"line":23},"3":{"name":"(anonymous_3)","decl":{"start":{"line":31,"column":44},"end":{"line":31,"column":45}},"loc":{"start":{"line":31,"column":57},"end":{"line":33,"column":1}},"line":31},"4":{"name":"(anonymous_4)","decl":{"start":{"line":36,"column":8},"end":{"line":36,"column":9}},"loc":{"start":{"line":36,"column":33},"end":{"line":42,"column":1}},"line":36},"5":{"name":"(anonymous_5)","decl":{"start":{"line":44,"column":8},"end":{"line":44,"column":9}},"loc":{"start":{"line":44,"column":22},"end":{"line":46,"column":1}},"line":44}},"branchMap":{"0":{"loc":{"start":{"line":38,"column":4},"end":{"line":39,"column":54}},"type":"if","locations":[{"start":{"line":38,"column":4},"end":{"line":39,"column":54}},{"start":{"line":39,"column":9},"end":{"line":39,"column":54}}],"line":38},"1":{"loc":{"start":{"line":39,"column":9},"end":{"line":39,"column":54}},"type":"if","locations":[{"start":{"line":39,"column":9},"end":{"line":39,"column":54}},{"start":{},"end":{}}],"line":39}},"s":{"0":2,"1":2,"2":2,"3":2,"4":2,"5":2,"6":2,"7":2,"8":2,"9":0,"10":2,"11":2,"12":2,"13":1,"14":2,"15":2,"16":2,"17":0,"18":2,"19":1,"20":1,"21":1,"22":0,"23":0,"24":1,"25":1,"26":2,"27":0,"28":2},"f":{"0":2,"1":0,"2":1,"3":0,"4":1,"5":0},"b":{"0":[1,0],"1":[0,0]},"_coverageSchema":"1a1c01bbd47fc00a2c39e90264f33305004495a9","hash":"0db77064c92029c8851f7d86d8407267e875c049"}
,"E:\\backup files\\Web API\\Restaurant POS API\\task1-web-api-NiteshMaharjan99\\middleware\\auth.js": {"path":"E:\\backup files\\Web API\\Restaurant POS API\\task1-web-api-NiteshMaharjan99\\middleware\\auth.js","statementMap":{"0":{"start":{"line":1,"column":12},"end":{"line":1,"column":35}},"1":{"start":{"line":3,"column":19},"end":{"line":16,"column":1}},"2":{"start":{"line":5,"column":23},"end":{"line":5,"column":48}},"3":{"start":{"line":6,"column":4},"end":{"line":6,"column":85}},"4":{"start":{"line":6,"column":21},"end":{"line":6,"column":85}},"5":{"start":{"line":8,"column":18},"end":{"line":8,"column":42}},"6":{"start":{"line":10,"column":4},"end":{"line":13,"column":6}},"7":{"start":{"line":11,"column":8},"end":{"line":11,"column":68}},"8":{"start":{"line":11,"column":17},"end":{"line":11,"column":68}},"9":{"start":{"line":12,"column":8},"end":{"line":12,"column":26}},"10":{"start":{"line":15,"column":4},"end":{"line":15,"column":10}},"11":{"start":{"line":18,"column":20},"end":{"line":21,"column":1}},"12":{"start":{"line":19,"column":4},"end":{"line":19,"column":48}},"13":{"start":{"line":19,"column":35},"end":{"line":19,"column":48}},"14":{"start":{"line":20,"column":4},"end":{"line":20,"column":61}},"15":{"start":{"line":23,"column":0},"end":{"line":23,"column":44}}},"fnMap":{"0":{"name":"(anonymous_0)","decl":{"start":{"line":3,"column":19},"end":{"line":3,"column":20}},"loc":{"start":{"line":3,"column":39},"end":{"line":16,"column":1}},"line":3},"1":{"name":"(anonymous_1)","decl":{"start":{"line":10,"column":42},"end":{"line":10,"column":43}},"loc":{"start":{"line":10,"column":60},"end":{"line":13,"column":5}},"line":10},"2":{"name":"(anonymous_2)","decl":{"start":{"line":18,"column":20},"end":{"line":18,"column":21}},"loc":{"start":{"line":18,"column":40},"end":{"line":21,"column":1}},"line":18}},"branchMap":{"0":{"loc":{"start":{"line":6,"column":4},"end":{"line":6,"column":85}},"type":"if","locations":[{"start":{"line":6,"column":4},"end":{"line":6,"column":85}},{"start":{},"end":{}}],"line":6},"1":{"loc":{"start":{"line":11,"column":8},"end":{"line":11,"column":68}},"type":"if","locations":[{"start":{"line":11,"column":8},"end":{"line":11,"column":68}},{"start":{},"end":{}}],"line":11},"2":{"loc":{"start":{"line":19,"column":4},"end":{"line":19,"column":48}},"type":"if","locations":[{"start":{"line":19,"column":4},"end":{"line":19,"column":48}},{"start":{},"end":{}}],"line":19}},"s":{"0":2,"1":2,"2":0,"3":0,"4":0,"5":0,"6":0,"7":0,"8":0,"9":0,"10":0,"11":2,"12":0,"13":0,"14":0,"15":2},"f":{"0":0,"1":0,"2":0},"b":{"0":[0,0],"1":[0,0],"2":[0,0]},"_coverageSchema":"1a1c01bbd47fc00a2c39e90264f33305004495a9","hash":"b70da5bf5950e858327cef9a317c4e331f042adb"}
,"E:\\backup files\\Web API\\Restaurant POS API\\task1-web-api-NiteshMaharjan99\\middleware\\upload.js": {"path":"E:\\backup files\\Web API\\Restaurant POS API\\task1-web-api-NiteshMaharjan99\\middleware\\upload.js","statementMap":{"0":{"start":{"line":1,"column":15},"end":{"line":1,"column":32}},"1":{"start":{"line":3,"column":13},"end":{"line":3,"column":31}},"2":{"start":{"line":5,"column":13},"end":{"line":5,"column":28}},"3":{"start":{"line":8,"column":16},"end":{"line":16,"column":2}},"4":{"start":{"line":10,"column":8},"end":{"line":10,"column":34}},"5":{"start":{"line":13,"column":20},"end":{"line":13,"column":65}},"6":{"start":{"line":14,"column":8},"end":{"line":14,"column":52}},"7":{"start":{"line":18,"column":19},"end":{"line":26,"column":1}},"8":{"start":{"line":19,"column":16},"end":{"line":19,"column":61}},"9":{"start":{"line":21,"column":4},"end":{"line":23,"column":5}},"10":{"start":{"line":22,"column":8},"end":{"line":22,"column":67}},"11":{"start":{"line":24,"column":4},"end":{"line":24,"column":17}},"12":{"start":{"line":28,"column":15},"end":{"line":32,"column":2}},"13":{"start":{"line":34,"column":0},"end":{"line":34,"column":23}}},"fnMap":{"0":{"name":"(anonymous_0)","decl":{"start":{"line":9,"column":17},"end":{"line":9,"column":18}},"loc":{"start":{"line":9,"column":34},"end":{"line":11,"column":5}},"line":9},"1":{"name":"(anonymous_1)","decl":{"start":{"line":12,"column":14},"end":{"line":12,"column":15}},"loc":{"start":{"line":12,"column":32},"end":{"line":15,"column":5}},"line":12},"2":{"name":"(anonymous_2)","decl":{"start":{"line":18,"column":19},"end":{"line":18,"column":20}},"loc":{"start":{"line":18,"column":38},"end":{"line":26,"column":1}},"line":18}},"branchMap":{"0":{"loc":{"start":{"line":21,"column":4},"end":{"line":23,"column":5}},"type":"if","locations":[{"start":{"line":21,"column":4},"end":{"line":23,"column":5}},{"start":{},"end":{}}],"line":21}},"s":{"0":2,"1":2,"2":2,"3":2,"4":0,"5":0,"6":0,"7":2,"8":0,"9":0,"10":0,"11":0,"12":2,"13":2},"f":{"0":0,"1":0,"2":0},"b":{"0":[0,0]},"_coverageSchema":"1a1c01bbd47fc00a2c39e90264f33305004495a9","hash":"7d7a7d63988e50b94071c472a4a51d4f1cb2d87e"}
,"E:\\backup files\\Web API\\Restaurant POS API\\task1-web-api-NiteshMaharjan99\\model\\RestaurantPOS.js": {"path":"E:\\backup files\\Web API\\Restaurant POS API\\task1-web-api-NiteshMaharjan99\\model\\RestaurantPOS.js","statementMap":{"0":{"start":{"line":1,"column":17},"end":{"line":1,"column":36}},"1":{"start":{"line":3,"column":25},"end":{"line":79,"column":2}},"2":{"start":{"line":81,"column":19},"end":{"line":81,"column":65}},"3":{"start":{"line":83,"column":0},"end":{"line":83,"column":28}}},"fnMap":{},"branchMap":{},"s":{"0":2,"1":2,"2":2,"3":2},"f":{},"b":{},"_coverageSchema":"1a1c01bbd47fc00a2c39e90264f33305004495a9","hash":"1e81f44663c32582d75ccba1f9ffce6417c97405"}
,"E:\\backup files\\Web API\\Restaurant POS API\\task1-web-api-NiteshMaharjan99\\model\\User.js": {"path":"E:\\backup files\\Web API\\Restaurant POS API\\task1-web-api-NiteshMaharjan99\\model\\User.js","statementMap":{"0":{"start":{"line":1,"column":17},"end":{"line":1,"column":36}},"1":{"start":{"line":3,"column":19},"end":{"line":23,"column":2}},"2":{"start":{"line":25,"column":0},"end":{"line":25,"column":55}}},"fnMap":{},"branchMap":{},"s":{"0":2,"1":2,"2":2},"f":{},"b":{},"_coverageSchema":"1a1c01bbd47fc00a2c39e90264f33305004495a9","hash":"cfa2fa8c4eb314ec7152eff966a040f23fda4b84"}
,"E:\\backup files\\Web API\\Restaurant POS API\\task1-web-api-NiteshMaharjan99\\routes\\restaurant_routes.js": {"path":"E:\\backup files\\Web API\\Restaurant POS API\\task1-web-api-NiteshMaharjan99\\routes\\restaurant_routes.js","statementMap":{"0":{"start":{"line":1,"column":16},"end":{"line":1,"column":34}},"1":{"start":{"line":3,"column":15},"end":{"line":3,"column":31}},"2":{"start":{"line":5,"column":19},"end":{"line":5,"column":52}},"3":{"start":{"line":7,"column":24},"end":{"line":7,"column":53}},"4":{"start":{"line":9,"column":0},"end":{"line":27,"column":6}},"5":{"start":{"line":11,"column":8},"end":{"line":13,"column":24}},"6":{"start":{"line":12,"column":32},"end":{"line":12,"column":52}},"7":{"start":{"line":16,"column":8},"end":{"line":18,"column":36}},"8":{"start":{"line":17,"column":34},"end":{"line":17,"column":66}},"9":{"start":{"line":18,"column":26},"end":{"line":18,"column":35}},"10":{"start":{"line":21,"column":8},"end":{"line":21,"column":69}},"11":{"start":{"line":24,"column":8},"end":{"line":26,"column":24}},"12":{"start":{"line":25,"column":27},"end":{"line":25,"column":42}},"13":{"start":{"line":29,"column":0},"end":{"line":55,"column":6}},"14":{"start":{"line":31,"column":8},"end":{"line":38,"column":24}},"15":{"start":{"line":33,"column":16},"end":{"line":35,"column":17}},"16":{"start":{"line":34,"column":20},"end":{"line":34,"column":75}},"17":{"start":{"line":36,"column":16},"end":{"line":36,"column":36}},"18":{"start":{"line":41,"column":8},"end":{"line":41,"column":70}},"19":{"start":{"line":44,"column":8},"end":{"line":49,"column":24}},"20":{"start":{"line":48,"column":26},"end":{"line":48,"column":43}},"21":{"start":{"line":52,"column":8},"end":{"line":54,"column":24}},"22":{"start":{"line":53,"column":27},"end":{"line":53,"column":48}},"23":{"start":{"line":58,"column":0},"end":{"line":103,"column":6}},"24":{"start":{"line":60,"column":8},"end":{"line":67,"column":24}},"25":{"start":{"line":62,"column":16},"end":{"line":64,"column":17}},"26":{"start":{"line":63,"column":20},"end":{"line":63,"column":75}},"27":{"start":{"line":65,"column":16},"end":{"line":65,"column":43}},"28":{"start":{"line":70,"column":8},"end":{"line":87,"column":24}},"29":{"start":{"line":72,"column":16},"end":{"line":74,"column":17}},"30":{"start":{"line":73,"column":20},"end":{"line":73,"column":75}},"31":{"start":{"line":75,"column":30},"end":{"line":79,"column":17}},"32":{"start":{"line":80,"column":16},"end":{"line":80,"column":45}},"33":{"start":{"line":81,"column":16},"end":{"line":85,"column":32}},"34":{"start":{"line":83,"column":24},"end":{"line":83,"column":94}},"35":{"start":{"line":90,"column":8},"end":{"line":90,"column":69}},"36":{"start":{"line":93,"column":8},"end":{"line":102,"column":24}},"37":{"start":{"line":95,"column":16},"end":{"line":95,"column":96}},"38":{"start":{"line":95,"column":33},"end":{"line":95,"column":96}},"39":{"start":{"line":96,"column":16},"end":{"line":96,"column":38}},"40":{"start":{"line":98,"column":16},"end":{"line":100,"column":32}},"41":{"start":{"line":99,"column":32},"end":{"line":99,"column":53}},"42":{"start":{"line":105,"column":0},"end":{"line":142,"column":6}},"43":{"start":{"line":107,"column":8},"end":{"line":112,"column":26}},"44":{"start":{"line":109,"column":16},"end":{"line":109,"column":96}},"45":{"start":{"line":109,"column":33},"end":{"line":109,"column":96}},"46":{"start":{"line":110,"column":30},"end":{"line":110,"column":71}},"47":{"start":{"line":111,"column":16},"end":{"line":111,"column":31}},"48":{"start":{"line":115,"column":8},"end":{"line":130,"column":26}},"49":{"start":{"line":117,"column":16},"end":{"line":117,"column":96}},"50":{"start":{"line":117,"column":33},"end":{"line":117,"column":96}},"51":{"start":{"line":118,"column":16},"end":{"line":124,"column":18}},"52":{"start":{"line":119,"column":20},"end":{"line":122,"column":21}},"53":{"start":{"line":120,"column":24},"end":{"line":120,"column":54}},"54":{"start":{"line":121,"column":24},"end":{"line":121,"column":50}},"55":{"start":{"line":123,"column":20},"end":{"line":123,"column":28}},"56":{"start":{"line":125,"column":16},"end":{"line":128,"column":34}},"57":{"start":{"line":127,"column":24},"end":{"line":127,"column":75}},"58":{"start":{"line":133,"column":8},"end":{"line":141,"column":26}},"59":{"start":{"line":135,"column":16},"end":{"line":135,"column":96}},"60":{"start":{"line":135,"column":33},"end":{"line":135,"column":96}},"61":{"start":{"line":136,"column":16},"end":{"line":136,"column":97}},"62":{"start":{"line":136,"column":68},"end":{"line":136,"column":96}},"63":{"start":{"line":137,"column":16},"end":{"line":140,"column":34}},"64":{"start":{"line":139,"column":24},"end":{"line":139,"column":75}},"65":{"start":{"line":145,"column":0},"end":{"line":189,"column":6}},"66":{"start":{"line":147,"column":8},"end":{"line":154,"column":24}},"67":{"start":{"line":149,"column":16},"end":{"line":151,"column":17}},"68":{"start":{"line":150,"column":20},"end":{"line":150,"column":75}},"69":{"start":{"line":152,"column":16},"end":{"line":152,"column":41}},"70":{"start":{"line":157,"column":8},"end":{"line":173,"column":24}},"71":{"start":{"line":159,"column":16},"end":{"line":161,"column":17}},"72":{"start":{"line":160,"column":20},"end":{"line":160,"column":75}},"73":{"start":{"line":162,"column":29},"end":{"line":165,"column":17}},"74":{"start":{"line":166,"column":16},"end":{"line":166,"column":42}},"75":{"start":{"line":167,"column":16},"end":{"line":171,"column":32}},"76":{"start":{"line":169,"column":24},"end":{"line":169,"column":90}},"77":{"start":{"line":176,"column":8},"end":{"line":176,"column":69}},"78":{"start":{"line":179,"column":8},"end":{"line":188,"column":24}},"79":{"start":{"line":181,"column":16},"end":{"line":181,"column":96}},"80":{"start":{"line":181,"column":33},"end":{"line":181,"column":96}},"81":{"start":{"line":182,"column":16},"end":{"line":182,"column":36}},"82":{"start":{"line":184,"column":16},"end":{"line":186,"column":32}},"83":{"start":{"line":185,"column":32},"end":{"line":185,"column":53}},"84":{"start":{"line":192,"column":0},"end":{"line":230,"column":6}},"85":{"start":{"line":194,"column":8},"end":{"line":199,"column":26}},"86":{"start":{"line":196,"column":16},"end":{"line":196,"column":96}},"87":{"start":{"line":196,"column":33},"end":{"line":196,"column":96}},"88":{"start":{"line":197,"column":29},"end":{"line":197,"column":67}},"89":{"start":{"line":198,"column":16},"end":{"line":198,"column":30}},"90":{"start":{"line":202,"column":8},"end":{"line":218,"column":26}},"91":{"start":{"line":204,"column":16},"end":{"line":204,"column":96}},"92":{"start":{"line":204,"column":33},"end":{"line":204,"column":96}},"93":{"start":{"line":206,"column":16},"end":{"line":212,"column":18}},"94":{"start":{"line":207,"column":20},"end":{"line":210,"column":21}},"95":{"start":{"line":208,"column":24},"end":{"line":208,"column":46}},"96":{"start":{"line":209,"column":24},"end":{"line":209,"column":48}},"97":{"start":{"line":211,"column":20},"end":{"line":211,"column":28}},"98":{"start":{"line":213,"column":16},"end":{"line":216,"column":34}},"99":{"start":{"line":215,"column":24},"end":{"line":215,"column":72}},"100":{"start":{"line":221,"column":8},"end":{"line":229,"column":26}},"101":{"start":{"line":223,"column":16},"end":{"line":223,"column":96}},"102":{"start":{"line":223,"column":33},"end":{"line":223,"column":96}},"103":{"start":{"line":224,"column":16},"end":{"line":224,"column":92}},"104":{"start":{"line":224,"column":64},"end":{"line":224,"column":91}},"105":{"start":{"line":225,"column":16},"end":{"line":228,"column":34}},"106":{"start":{"line":227,"column":24},"end":{"line":227,"column":72}},"107":{"start":{"line":234,"column":0},"end":{"line":281,"column":6}},"108":{"start":{"line":236,"column":8},"end":{"line":243,"column":24}},"109":{"start":{"line":238,"column":16},"end":{"line":240,"column":17}},"110":{"start":{"line":239,"column":20},"end":{"line":239,"column":75}},"111":{"start":{"line":241,"column":16},"end":{"line":241,"column":43}},"112":{"start":{"line":246,"column":8},"end":{"line":274,"column":24}},"113":{"start":{"line":248,"column":16},"end":{"line":250,"column":17}},"114":{"start":{"line":249,"column":20},"end":{"line":249,"column":75}},"115":{"start":{"line":251,"column":36},"end":{"line":251,"column":56}},"116":{"start":{"line":252,"column":16},"end":{"line":254,"column":17}},"117":{"start":{"line":253,"column":20},"end":{"line":253,"column":75}},"118":{"start":{"line":257,"column":30},"end":{"line":266,"column":17}},"119":{"start":{"line":259,"column":56},"end":{"line":263,"column":21}},"120":{"start":{"line":262,"column":62},"end":{"line":262,"column":85}},"121":{"start":{"line":264,"column":72},"end":{"line":264,"column":106}},"122":{"start":{"line":267,"column":16},"end":{"line":267,"column":45}},"123":{"start":{"line":268,"column":16},"end":{"line":272,"column":32}},"124":{"start":{"line":270,"column":24},"end":{"line":270,"column":94}},"125":{"start":{"line":277,"column":8},"end":{"line":277,"column":69}},"126":{"start":{"line":280,"column":8},"end":{"line":280,"column":72}},"127":{"start":{"line":284,"column":0},"end":{"line":340,"column":6}},"128":{"start":{"line":286,"column":8},"end":{"line":291,"column":26}},"129":{"start":{"line":288,"column":16},"end":{"line":288,"column":96}},"130":{"start":{"line":288,"column":33},"end":{"line":288,"column":96}},"131":{"start":{"line":289,"column":30},"end":{"line":289,"column":71}},"132":{"start":{"line":290,"column":16},"end":{"line":290,"column":31}},"133":{"start":{"line":294,"column":8},"end":{"line":323,"column":26}},"134":{"start":{"line":296,"column":16},"end":{"line":296,"column":96}},"135":{"start":{"line":296,"column":33},"end":{"line":296,"column":96}},"136":{"start":{"line":298,"column":28},"end":{"line":298,"column":69}},"137":{"start":{"line":299,"column":16},"end":{"line":301,"column":17}},"138":{"start":{"line":300,"column":20},"end":{"line":300,"column":84}},"139":{"start":{"line":302,"column":16},"end":{"line":316,"column":18}},"140":{"start":{"line":303,"column":20},"end":{"line":314,"column":21}},"141":{"start":{"line":304,"column":24},"end":{"line":304,"column":56}},"142":{"start":{"line":305,"column":24},"end":{"line":305,"column":60}},"143":{"start":{"line":306,"column":24},"end":{"line":311,"column":25}},"144":{"start":{"line":306,"column":67},"end":{"line":310,"column":25}},"145":{"start":{"line":309,"column":66},"end":{"line":309,"column":93}},"146":{"start":{"line":312,"column":24},"end":{"line":312,"column":117}},"147":{"start":{"line":312,"column":79},"end":{"line":312,"column":113}},"148":{"start":{"line":315,"column":20},"end":{"line":315,"column":28}},"149":{"start":{"line":318,"column":16},"end":{"line":321,"column":34}},"150":{"start":{"line":320,"column":24},"end":{"line":320,"column":75}},"151":{"start":{"line":326,"column":8},"end":{"line":339,"column":26}},"152":{"start":{"line":328,"column":16},"end":{"line":328,"column":96}},"153":{"start":{"line":328,"column":33},"end":{"line":328,"column":96}},"154":{"start":{"line":329,"column":28},"end":{"line":329,"column":69}},"155":{"start":{"line":330,"column":16},"end":{"line":332,"column":17}},"156":{"start":{"line":331,"column":20},"end":{"line":331,"column":84}},"157":{"start":{"line":334,"column":16},"end":{"line":334,"column":97}},"158":{"start":{"line":334,"column":68},"end":{"line":334,"column":96}},"159":{"start":{"line":335,"column":16},"end":{"line":338,"column":34}},"160":{"start":{"line":337,"column":24},"end":{"line":337,"column":75}},"161":{"start":{"line":343,"column":0},"end":{"line":343,"column":24}}},"fnMap":{"0":{"name":"(anonymous_0)","decl":{"start":{"line":10,"column":9},"end":{"line":10,"column":10}},"loc":{"start":{"line":10,"column":29},"end":{"line":14,"column":5}},"line":10},"1":{"name":"(anonymous_1)","decl":{"start":{"line":12,"column":18},"end":{"line":12,"column":19}},"loc":{"start":{"line":12,"column":32},"end":{"line":12,"column":52}},"line":12},"2":{"name":"(anonymous_2)","decl":{"start":{"line":15,"column":23},"end":{"line":15,"column":24}},"loc":{"start":{"line":15,"column":43},"end":{"line":19,"column":5}},"line":15},"3":{"name":"(anonymous_3)","decl":{"start":{"line":17,"column":18},"end":{"line":17,"column":19}},"loc":{"start":{"line":17,"column":34},"end":{"line":17,"column":66}},"line":17},"4":{"name":"(anonymous_4)","decl":{"start":{"line":18,"column":19},"end":{"line":18,"column":20}},"loc":{"start":{"line":18,"column":26},"end":{"line":18,"column":35}},"line":18},"5":{"name":"(anonymous_5)","decl":{"start":{"line":20,"column":9},"end":{"line":20,"column":10}},"loc":{"start":{"line":20,"column":23},"end":{"line":22,"column":5}},"line":20},"6":{"name":"(anonymous_6)","decl":{"start":{"line":23,"column":25},"end":{"line":23,"column":26}},"loc":{"start":{"line":23,"column":45},"end":{"line":27,"column":5}},"line":23},"7":{"name":"(anonymous_7)","decl":{"start":{"line":25,"column":18},"end":{"line":25,"column":19}},"loc":{"start":{"line":25,"column":27},"end":{"line":25,"column":42}},"line":25},"8":{"name":"(anonymous_8)","decl":{"start":{"line":30,"column":9},"end":{"line":30,"column":10}},"loc":{"start":{"line":30,"column":29},"end":{"line":39,"column":5}},"line":30},"9":{"name":"(anonymous_9)","decl":{"start":{"line":32,"column":18},"end":{"line":32,"column":19}},"loc":{"start":{"line":32,"column":34},"end":{"line":37,"column":13}},"line":32},"10":{"name":"(anonymous_10)","decl":{"start":{"line":40,"column":10},"end":{"line":40,"column":11}},"loc":{"start":{"line":40,"column":24},"end":{"line":42,"column":5}},"line":40},"11":{"name":"(anonymous_11)","decl":{"start":{"line":43,"column":22},"end":{"line":43,"column":23}},"loc":{"start":{"line":43,"column":42},"end":{"line":50,"column":5}},"line":43},"12":{"name":"(anonymous_12)","decl":{"start":{"line":48,"column":15},"end":{"line":48,"column":16}},"loc":{"start":{"line":48,"column":26},"end":{"line":48,"column":43}},"line":48},"13":{"name":"(anonymous_13)","decl":{"start":{"line":51,"column":25},"end":{"line":51,"column":26}},"loc":{"start":{"line":51,"column":45},"end":{"line":55,"column":5}},"line":51},"14":{"name":"(anonymous_14)","decl":{"start":{"line":53,"column":18},"end":{"line":53,"column":19}},"loc":{"start":{"line":53,"column":27},"end":{"line":53,"column":48}},"line":53},"15":{"name":"(anonymous_15)","decl":{"start":{"line":59,"column":9},"end":{"line":59,"column":10}},"loc":{"start":{"line":59,"column":29},"end":{"line":68,"column":5}},"line":59},"16":{"name":"(anonymous_16)","decl":{"start":{"line":61,"column":18},"end":{"line":61,"column":19}},"loc":{"start":{"line":61,"column":34},"end":{"line":66,"column":13}},"line":61},"17":{"name":"(anonymous_17)","decl":{"start":{"line":69,"column":23},"end":{"line":69,"column":24}},"loc":{"start":{"line":69,"column":43},"end":{"line":88,"column":5}},"line":69},"18":{"name":"(anonymous_18)","decl":{"start":{"line":71,"column":18},"end":{"line":71,"column":19}},"loc":{"start":{"line":71,"column":34},"end":{"line":86,"column":13}},"line":71},"19":{"name":"(anonymous_19)","decl":{"start":{"line":82,"column":26},"end":{"line":82,"column":27}},"loc":{"start":{"line":82,"column":42},"end":{"line":84,"column":21}},"line":82},"20":{"name":"(anonymous_20)","decl":{"start":{"line":89,"column":9},"end":{"line":89,"column":10}},"loc":{"start":{"line":89,"column":23},"end":{"line":91,"column":5}},"line":89},"21":{"name":"(anonymous_21)","decl":{"start":{"line":92,"column":25},"end":{"line":92,"column":26}},"loc":{"start":{"line":92,"column":45},"end":{"line":103,"column":5}},"line":92},"22":{"name":"(anonymous_22)","decl":{"start":{"line":94,"column":18},"end":{"line":94,"column":19}},"loc":{"start":{"line":94,"column":34},"end":{"line":101,"column":13}},"line":94},"23":{"name":"(anonymous_23)","decl":{"start":{"line":99,"column":26},"end":{"line":99,"column":27}},"loc":{"start":{"line":99,"column":32},"end":{"line":99,"column":53}},"line":99},"24":{"name":"(anonymous_24)","decl":{"start":{"line":106,"column":9},"end":{"line":106,"column":10}},"loc":{"start":{"line":106,"column":29},"end":{"line":113,"column":5}},"line":106},"25":{"name":"(anonymous_25)","decl":{"start":{"line":108,"column":18},"end":{"line":108,"column":19}},"loc":{"start":{"line":108,"column":34},"end":{"line":112,"column":13}},"line":108},"26":{"name":"(anonymous_26)","decl":{"start":{"line":114,"column":22},"end":{"line":114,"column":23}},"loc":{"start":{"line":114,"column":42},"end":{"line":131,"column":5}},"line":114},"27":{"name":"(anonymous_27)","decl":{"start":{"line":116,"column":18},"end":{"line":116,"column":19}},"loc":{"start":{"line":116,"column":34},"end":{"line":130,"column":13}},"line":116},"28":{"name":"(anonymous_28)","decl":{"start":{"line":118,"column":58},"end":{"line":118,"column":59}},"loc":{"start":{"line":118,"column":65},"end":{"line":124,"column":17}},"line":118},"29":{"name":"(anonymous_29)","decl":{"start":{"line":126,"column":26},"end":{"line":126,"column":27}},"loc":{"start":{"line":126,"column":40},"end":{"line":128,"column":21}},"line":126},"30":{"name":"(anonymous_30)","decl":{"start":{"line":132,"column":25},"end":{"line":132,"column":26}},"loc":{"start":{"line":132,"column":45},"end":{"line":142,"column":5}},"line":132},"31":{"name":"(anonymous_31)","decl":{"start":{"line":134,"column":18},"end":{"line":134,"column":19}},"loc":{"start":{"line":134,"column":34},"end":{"line":141,"column":13}},"line":134},"32":{"name":"(anonymous_32)","decl":{"start":{"line":136,"column":61},"end":{"line":136,"column":62}},"loc":{"start":{"line":136,"column":68},"end":{"line":136,"column":96}},"line":136},"33":{"name":"(anonymous_33)","decl":{"start":{"line":138,"column":26},"end":{"line":138,"column":27}},"loc":{"start":{"line":138,"column":40},"end":{"line":140,"column":21}},"line":138},"34":{"name":"(anonymous_34)","decl":{"start":{"line":146,"column":9},"end":{"line":146,"column":10}},"loc":{"start":{"line":146,"column":29},"end":{"line":155,"column":5}},"line":146},"35":{"name":"(anonymous_35)","decl":{"start":{"line":148,"column":18},"end":{"line":148,"column":19}},"loc":{"start":{"line":148,"column":34},"end":{"line":153,"column":13}},"line":148},"36":{"name":"(anonymous_36)","decl":{"start":{"line":156,"column":23},"end":{"line":156,"column":24}},"loc":{"start":{"line":156,"column":43},"end":{"line":174,"column":5}},"line":156},"37":{"name":"(anonymous_37)","decl":{"start":{"line":158,"column":18},"end":{"line":158,"column":19}},"loc":{"start":{"line":158,"column":34},"end":{"line":172,"column":13}},"line":158},"38":{"name":"(anonymous_38)","decl":{"start":{"line":168,"column":26},"end":{"line":168,"column":27}},"loc":{"start":{"line":168,"column":42},"end":{"line":170,"column":21}},"line":168},"39":{"name":"(anonymous_39)","decl":{"start":{"line":175,"column":9},"end":{"line":175,"column":10}},"loc":{"start":{"line":175,"column":23},"end":{"line":177,"column":5}},"line":175},"40":{"name":"(anonymous_40)","decl":{"start":{"line":178,"column":25},"end":{"line":178,"column":26}},"loc":{"start":{"line":178,"column":45},"end":{"line":189,"column":5}},"line":178},"41":{"name":"(anonymous_41)","decl":{"start":{"line":180,"column":18},"end":{"line":180,"column":19}},"loc":{"start":{"line":180,"column":34},"end":{"line":187,"column":13}},"line":180},"42":{"name":"(anonymous_42)","decl":{"start":{"line":185,"column":26},"end":{"line":185,"column":27}},"loc":{"start":{"line":185,"column":32},"end":{"line":185,"column":53}},"line":185},"43":{"name":"(anonymous_43)","decl":{"start":{"line":193,"column":9},"end":{"line":193,"column":10}},"loc":{"start":{"line":193,"column":29},"end":{"line":200,"column":5}},"line":193},"44":{"name":"(anonymous_44)","decl":{"start":{"line":195,"column":18},"end":{"line":195,"column":19}},"loc":{"start":{"line":195,"column":34},"end":{"line":199,"column":13}},"line":195},"45":{"name":"(anonymous_45)","decl":{"start":{"line":201,"column":22},"end":{"line":201,"column":23}},"loc":{"start":{"line":201,"column":42},"end":{"line":219,"column":5}},"line":201},"46":{"name":"(anonymous_46)","decl":{"start":{"line":203,"column":18},"end":{"line":203,"column":19}},"loc":{"start":{"line":203,"column":34},"end":{"line":218,"column":13}},"line":203},"47":{"name":"(anonymous_47)","decl":{"start":{"line":206,"column":54},"end":{"line":206,"column":55}},"loc":{"start":{"line":206,"column":61},"end":{"line":212,"column":17}},"line":206},"48":{"name":"(anonymous_48)","decl":{"start":{"line":214,"column":26},"end":{"line":214,"column":27}},"loc":{"start":{"line":214,"column":40},"end":{"line":216,"column":21}},"line":214},"49":{"name":"(anonymous_49)","decl":{"start":{"line":220,"column":25},"end":{"line":220,"column":26}},"loc":{"start":{"line":220,"column":45},"end":{"line":230,"column":5}},"line":220},"50":{"name":"(anonymous_50)","decl":{"start":{"line":222,"column":18},"end":{"line":222,"column":19}},"loc":{"start":{"line":222,"column":34},"end":{"line":229,"column":13}},"line":222},"51":{"name":"(anonymous_51)","decl":{"start":{"line":224,"column":57},"end":{"line":224,"column":58}},"loc":{"start":{"line":224,"column":64},"end":{"line":224,"column":91}},"line":224},"52":{"name":"(anonymous_52)","decl":{"start":{"line":226,"column":26},"end":{"line":226,"column":27}},"loc":{"start":{"line":226,"column":40},"end":{"line":228,"column":21}},"line":226},"53":{"name":"(anonymous_53)","decl":{"start":{"line":235,"column":9},"end":{"line":235,"column":10}},"loc":{"start":{"line":235,"column":29},"end":{"line":244,"column":5}},"line":235},"54":{"name":"(anonymous_54)","decl":{"start":{"line":237,"column":18},"end":{"line":237,"column":19}},"loc":{"start":{"line":237,"column":34},"end":{"line":242,"column":13}},"line":237},"55":{"name":"(anonymous_55)","decl":{"start":{"line":245,"column":10},"end":{"line":245,"column":11}},"loc":{"start":{"line":245,"column":30},"end":{"line":275,"column":5}},"line":245},"56":{"name":"(anonymous_56)","decl":{"start":{"line":247,"column":18},"end":{"line":247,"column":19}},"loc":{"start":{"line":247,"column":34},"end":{"line":273,"column":13}},"line":247},"57":{"name":"(anonymous_57)","decl":{"start":{"line":259,"column":47},"end":{"line":259,"column":48}},"loc":{"start":{"line":259,"column":56},"end":{"line":263,"column":21}},"line":259},"58":{"name":"(anonymous_58)","decl":{"start":{"line":262,"column":54},"end":{"line":262,"column":55}},"loc":{"start":{"line":262,"column":62},"end":{"line":262,"column":85}},"line":262},"59":{"name":"(anonymous_59)","decl":{"start":{"line":264,"column":55},"end":{"line":264,"column":56}},"loc":{"start":{"line":264,"column":72},"end":{"line":264,"column":106}},"line":264},"60":{"name":"(anonymous_60)","decl":{"start":{"line":269,"column":26},"end":{"line":269,"column":27}},"loc":{"start":{"line":269,"column":42},"end":{"line":271,"column":21}},"line":269},"61":{"name":"(anonymous_61)","decl":{"start":{"line":276,"column":9},"end":{"line":276,"column":10}},"loc":{"start":{"line":276,"column":23},"end":{"line":278,"column":5}},"line":276},"62":{"name":"(anonymous_62)","decl":{"start":{"line":279,"column":12},"end":{"line":279,"column":13}},"loc":{"start":{"line":279,"column":32},"end":{"line":281,"column":5}},"line":279},"63":{"name":"(anonymous_63)","decl":{"start":{"line":285,"column":9},"end":{"line":285,"column":10}},"loc":{"start":{"line":285,"column":29},"end":{"line":292,"column":5}},"line":285},"64":{"name":"(anonymous_64)","decl":{"start":{"line":287,"column":18},"end":{"line":287,"column":19}},"loc":{"start":{"line":287,"column":34},"end":{"line":291,"column":13}},"line":287},"65":{"name":"(anonymous_65)","decl":{"start":{"line":293,"column":9},"end":{"line":293,"column":10}},"loc":{"start":{"line":293,"column":29},"end":{"line":324,"column":5}},"line":293},"66":{"name":"(anonymous_66)","decl":{"start":{"line":295,"column":18},"end":{"line":295,"column":19}},"loc":{"start":{"line":295,"column":34},"end":{"line":323,"column":13}},"line":295},"67":{"name":"(anonymous_67)","decl":{"start":{"line":302,"column":58},"end":{"line":302,"column":59}},"loc":{"start":{"line":302,"column":65},"end":{"line":316,"column":17}},"line":302},"68":{"name":"(anonymous_68)","decl":{"start":{"line":306,"column":54},"end":{"line":306,"column":55}},"loc":{"start":{"line":306,"column":67},"end":{"line":310,"column":25}},"line":306},"69":{"name":"(anonymous_69)","decl":{"start":{"line":309,"column":58},"end":{"line":309,"column":59}},"loc":{"start":{"line":309,"column":66},"end":{"line":309,"column":93}},"line":309},"70":{"name":"(anonymous_70)","decl":{"start":{"line":312,"column":62},"end":{"line":312,"column":63}},"loc":{"start":{"line":312,"column":79},"end":{"line":312,"column":113}},"line":312},"71":{"name":"(anonymous_71)","decl":{"start":{"line":319,"column":26},"end":{"line":319,"column":27}},"loc":{"start":{"line":319,"column":40},"end":{"line":321,"column":21}},"line":319},"72":{"name":"(anonymous_72)","decl":{"start":{"line":325,"column":12},"end":{"line":325,"column":13}},"loc":{"start":{"line":325,"column":32},"end":{"line":340,"column":5}},"line":325},"73":{"name":"(anonymous_73)","decl":{"start":{"line":327,"column":18},"end":{"line":327,"column":19}},"loc":{"start":{"line":327,"column":34},"end":{"line":339,"column":13}},"line":327},"74":{"name":"(anonymous_74)","decl":{"start":{"line":334,"column":61},"end":{"line":334,"column":62}},"loc":{"start":{"line":334,"column":68},"end":{"line":334,"column":96}},"line":334},"75":{"name":"(anonymous_75)","decl":{"start":{"line":336,"column":26},"end":{"line":336,"column":27}},"loc":{"start":{"line":336,"column":40},"end":{"line":338,"column":21}},"line":336}},"branchMap":{"0":{"loc":{"start":{"line":33,"column":16},"end":{"line":35,"column":17}},"type":"if","locations":[{"start":{"line":33,"column":16},"end":{"line":35,"column":17}},{"start":{},"end":{}}],"line":33},"1":{"loc":{"start":{"line":62,"column":16},"end":{"line":64,"column":17}},"type":"if","locations":[{"start":{"line":62,"column":16},"end":{"line":64,"column":17}},{"start":{},"end":{}}],"line":62},"2":{"loc":{"start":{"line":72,"column":16},"end":{"line":74,"column":17}},"type":"if","locations":[{"start":{"line":72,"column":16},"end":{"line":74,"column":17}},{"start":{},"end":{}}],"line":72},"3":{"loc":{"start":{"line":95,"column":16},"end":{"line":95,"column":96}},"type":"if","locations":[{"start":{"line":95,"column":16},"end":{"line":95,"column":96}},{"start":{},"end":{}}],"line":95},"4":{"loc":{"start":{"line":109,"column":16},"end":{"line":109,"column":96}},"type":"if","locations":[{"start":{"line":109,"column":16},"end":{"line":109,"column":96}},{"start":{},"end":{}}],"line":109},"5":{"loc":{"start":{"line":117,"column":16},"end":{"line":117,"column":96}},"type":"if","locations":[{"start":{"line":117,"column":16},"end":{"line":117,"column":96}},{"start":{},"end":{}}],"line":117},"6":{"loc":{"start":{"line":119,"column":20},"end":{"line":122,"column":21}},"type":"if","locations":[{"start":{"line":119,"column":20},"end":{"line":122,"column":21}},{"start":{},"end":{}}],"line":119},"7":{"loc":{"start":{"line":135,"column":16},"end":{"line":135,"column":96}},"type":"if","locations":[{"start":{"line":135,"column":16},"end":{"line":135,"column":96}},{"start":{},"end":{}}],"line":135},"8":{"loc":{"start":{"line":149,"column":16},"end":{"line":151,"column":17}},"type":"if","locations":[{"start":{"line":149,"column":16},"end":{"line":151,"column":17}},{"start":{},"end":{}}],"line":149},"9":{"loc":{"start":{"line":159,"column":16},"end":{"line":161,"column":17}},"type":"if","locations":[{"start":{"line":159,"column":16},"end":{"line":161,"column":17}},{"start":{},"end":{}}],"line":159},"10":{"loc":{"start":{"line":181,"column":16},"end":{"line":181,"column":96}},"type":"if","locations":[{"start":{"line":181,"column":16},"end":{"line":181,"column":96}},{"start":{},"end":{}}],"line":181},"11":{"loc":{"start":{"line":196,"column":16},"end":{"line":196,"column":96}},"type":"if","locations":[{"start":{"line":196,"column":16},"end":{"line":196,"column":96}},{"start":{},"end":{}}],"line":196},"12":{"loc":{"start":{"line":204,"column":16},"end":{"line":204,"column":96}},"type":"if","locations":[{"start":{"line":204,"column":16},"end":{"line":204,"column":96}},{"start":{},"end":{}}],"line":204},"13":{"loc":{"start":{"line":207,"column":20},"end":{"line":210,"column":21}},"type":"if","locations":[{"start":{"line":207,"column":20},"end":{"line":210,"column":21}},{"start":{},"end":{}}],"line":207},"14":{"loc":{"start":{"line":223,"column":16},"end":{"line":223,"column":96}},"type":"if","locations":[{"start":{"line":223,"column":16},"end":{"line":223,"column":96}},{"start":{},"end":{}}],"line":223},"15":{"loc":{"start":{"line":238,"column":16},"end":{"line":240,"column":17}},"type":"if","locations":[{"start":{"line":238,"column":16},"end":{"line":240,"column":17}},{"start":{},"end":{}}],"line":238},"16":{"loc":{"start":{"line":248,"column":16},"end":{"line":250,"column":17}},"type":"if","locations":[{"start":{"line":248,"column":16},"end":{"line":250,"column":17}},{"start":{},"end":{}}],"line":248},"17":{"loc":{"start":{"line":252,"column":16},"end":{"line":254,"column":17}},"type":"if","locations":[{"start":{"line":252,"column":16},"end":{"line":254,"column":17}},{"start":{},"end":{}}],"line":252},"18":{"loc":{"start":{"line":288,"column":16},"end":{"line":288,"column":96}},"type":"if","locations":[{"start":{"line":288,"column":16},"end":{"line":288,"column":96}},{"start":{},"end":{}}],"line":288},"19":{"loc":{"start":{"line":296,"column":16},"end":{"line":296,"column":96}},"type":"if","locations":[{"start":{"line":296,"column":16},"end":{"line":296,"column":96}},{"start":{},"end":{}}],"line":296},"20":{"loc":{"start":{"line":299,"column":16},"end":{"line":301,"column":17}},"type":"if","locations":[{"start":{"line":299,"column":16},"end":{"line":301,"column":17}},{"start":{},"end":{}}],"line":299},"21":{"loc":{"start":{"line":303,"column":20},"end":{"line":314,"column":21}},"type":"if","locations":[{"start":{"line":303,"column":20},"end":{"line":314,"column":21}},{"start":{},"end":{}}],"line":303},"22":{"loc":{"start":{"line":328,"column":16},"end":{"line":328,"column":96}},"type":"if","locations":[{"start":{"line":328,"column":16},"end":{"line":328,"column":96}},{"start":{},"end":{}}],"line":328},"23":{"loc":{"start":{"line":330,"column":16},"end":{"line":332,"column":17}},"type":"if","locations":[{"start":{"line":330,"column":16},"end":{"line":332,"column":17}},{"start":{},"end":{}}],"line":330}},"s":{"0":2,"1":2,"2":2,"3":2,"4":2,"5":0,"6":0,"7":0,"8":0,"9":0,"10":0,"11":0,"12":0,"13":2,"14":0,"15":0,"16":0,"17":0,"18":0,"19":0,"20":0,"21":0,"22":0,"23":2,"24":0,"25":0,"26":0,"27":0,"28":0,"29":0,"30":0,"31":0,"32":0,"33":0,"34":0,"35":0,"36":0,"37":0,"38":0,"39":0,"40":0,"41":0,"42":2,"43":0,"44":0,"45":0,"46":0,"47":0,"48":0,"49":0,"50":0,"51":0,"52":0,"53":0,"54":0,"55":0,"56":0,"57":0,"58":0,"59":0,"60":0,"61":0,"62":0,"63":0,"64":0,"65":2,"66":0,"67":0,"68":0,"69":0,"70":0,"71":0,"72":0,"73":0,"74":0,"75":0,"76":0,"77":0,"78":0,"79":0,"80":0,"81":0,"82":0,"83":0,"84":2,"85":0,"86":0,"87":0,"88":0,"89":0,"90":0,"91":0,"92":0,"93":0,"94":0,"95":0,"96":0,"97":0,"98":0,"99":0,"100":0,"101":0,"102":0,"103":0,"104":0,"105":0,"106":0,"107":2,"108":0,"109":0,"110":0,"111":0,"112":0,"113":0,"114":0,"115":0,"116":0,"117":0,"118":0,"119":0,"120":0,"121":0,"122":0,"123":0,"124":0,"125":0,"126":0,"127":2,"128":0,"129":0,"130":0,"131":0,"132":0,"133":0,"134":0,"135":0,"136":0,"137":0,"138":0,"139":0,"140":0,"141":0,"142":0,"143":0,"144":0,"145":0,"146":0,"147":0,"148":0,"149":0,"150":0,"151":0,"152":0,"153":0,"154":0,"155":0,"156":0,"157":0,"158":0,"159":0,"160":0,"161":2},"f":{"0":0,"1":0,"2":0,"3":0,"4":0,"5":0,"6":0,"7":0,"8":0,"9":0,"10":0,"11":0,"12":0,"13":0,"14":0,"15":0,"16":0,"17":0,"18":0,"19":0,"20":0,"21":0,"22":0,"23":0,"24":0,"25":0,"26":0,"27":0,"28":0,"29":0,"30":0,"31":0,"32":0,"33":0,"34":0,"35":0,"36":0,"37":0,"38":0,"39":0,"40":0,"41":0,"42":0,"43":0,"44":0,"45":0,"46":0,"47":0,"48":0,"49":0,"50":0,"51":0,"52":0,"53":0,"54":0,"55":0,"56":0,"57":0,"58":0,"59":0,"60":0,"61":0,"62":0,"63":0,"64":0,"65":0,"66":0,"67":0,"68":0,"69":0,"70":0,"71":0,"72":0,"73":0,"74":0,"75":0},"b":{"0":[0,0],"1":[0,0],"2":[0,0],"3":[0,0],"4":[0,0],"5":[0,0],"6":[0,0],"7":[0,0],"8":[0,0],"9":[0,0],"10":[0,0],"11":[0,0],"12":[0,0],"13":[0,0],"14":[0,0],"15":[0,0],"16":[0,0],"17":[0,0],"18":[0,0],"19":[0,0],"20":[0,0],"21":[0,0],"22":[0,0],"23":[0,0]},"_coverageSchema":"1a1c01bbd47fc00a2c39e90264f33305004495a9","hash":"5ca3d174132f9c0cca6e837cfedfa63f285c72dd"}
,"E:\\backup files\\Web API\\Restaurant POS API\\task1-web-api-NiteshMaharjan99\\routes\\user_routes.js": {"path":"E:\\backup files\\Web API\\Restaurant POS API\\task1-web-api-NiteshMaharjan99\\routes\\user_routes.js","statementMap":{"0":{"start":{"line":1,"column":16},"end":{"line":1,"column":34}},"1":{"start":{"line":3,"column":0},"end":{"line":3,"column":26}},"2":{"start":{"line":5,"column":15},"end":{"line":5,"column":34}},"3":{"start":{"line":7,"column":12},"end":{"line":7,"column":35}},"4":{"start":{"line":9,"column":13},"end":{"line":9,"column":37}},"5":{"start":{"line":11,"column":15},"end":{"line":11,"column":31}},"6":{"start":{"line":14,"column":0},"end":{"line":31,"column":2}},"7":{"start":{"line":15,"column":4},"end":{"line":30,"column":22}},"8":{"start":{"line":17,"column":12},"end":{"line":18,"column":58}},"9":{"start":{"line":17,"column":22},"end":{"line":18,"column":58}},"10":{"start":{"line":19,"column":12},"end":{"line":29,"column":14}},"11":{"start":{"line":20,"column":16},"end":{"line":20,"column":76}},"12":{"start":{"line":20,"column":25},"end":{"line":20,"column":76}},"13":{"start":{"line":21,"column":29},"end":{"line":25,"column":17}},"14":{"start":{"line":26,"column":16},"end":{"line":28,"column":32}},"15":{"start":{"line":27,"column":36},"end":{"line":27,"column":62}},"16":{"start":{"line":33,"column":0},"end":{"line":59,"column":2}},"17":{"start":{"line":34,"column":35},"end":{"line":34,"column":43}},"18":{"start":{"line":35,"column":4},"end":{"line":58,"column":22}},"19":{"start":{"line":37,"column":12},"end":{"line":38,"column":70}},"20":{"start":{"line":37,"column":23},"end":{"line":38,"column":70}},"21":{"start":{"line":39,"column":12},"end":{"line":57,"column":14}},"22":{"start":{"line":40,"column":16},"end":{"line":40,"column":76}},"23":{"start":{"line":40,"column":25},"end":{"line":40,"column":76}},"24":{"start":{"line":41,"column":16},"end":{"line":41,"column":94}},"25":{"start":{"line":41,"column":30},"end":{"line":41,"column":94}},"26":{"start":{"line":43,"column":32},"end":{"line":48,"column":17}},"27":{"start":{"line":50,"column":16},"end":{"line":56,"column":18}},"28":{"start":{"line":51,"column":20},"end":{"line":51,"column":73}},"29":{"start":{"line":51,"column":29},"end":{"line":51,"column":73}},"30":{"start":{"line":52,"column":20},"end":{"line":55,"column":22}},"31":{"start":{"line":61,"column":0},"end":{"line":61,"column":23}}},"fnMap":{"0":{"name":"(anonymous_0)","decl":{"start":{"line":14,"column":25},"end":{"line":14,"column":26}},"loc":{"start":{"line":14,"column":45},"end":{"line":31,"column":1}},"line":14},"1":{"name":"(anonymous_1)","decl":{"start":{"line":16,"column":14},"end":{"line":16,"column":15}},"loc":{"start":{"line":16,"column":24},"end":{"line":30,"column":9}},"line":16},"2":{"name":"(anonymous_2)","decl":{"start":{"line":19,"column":47},"end":{"line":19,"column":48}},"loc":{"start":{"line":19,"column":62},"end":{"line":29,"column":13}},"line":19},"3":{"name":"(anonymous_3)","decl":{"start":{"line":27,"column":26},"end":{"line":27,"column":27}},"loc":{"start":{"line":27,"column":36},"end":{"line":27,"column":62}},"line":27},"4":{"name":"(anonymous_4)","decl":{"start":{"line":33,"column":22},"end":{"line":33,"column":23}},"loc":{"start":{"line":33,"column":42},"end":{"line":59,"column":1}},"line":33},"5":{"name":"(anonymous_5)","decl":{"start":{"line":36,"column":14},"end":{"line":36,"column":15}},"loc":{"start":{"line":36,"column":22},"end":{"line":58,"column":9}},"line":36},"6":{"name":"(anonymous_6)","decl":{"start":{"line":39,"column":52},"end":{"line":39,"column":53}},"loc":{"start":{"line":39,"column":70},"end":{"line":57,"column":13}},"line":39},"7":{"name":"(anonymous_7)","decl":{"start":{"line":50,"column":75},"end":{"line":50,"column":76}},"loc":{"start":{"line":50,"column":93},"end":{"line":56,"column":17}},"line":50}},"branchMap":{"0":{"loc":{"start":{"line":17,"column":12},"end":{"line":18,"column":58}},"type":"if","locations":[{"start":{"line":17,"column":12},"end":{"line":18,"column":58}},{"start":{},"end":{}}],"line":17},"1":{"loc":{"start":{"line":20,"column":16},"end":{"line":20,"column":76}},"type":"if","locations":[{"start":{"line":20,"column":16},"end":{"line":20,"column":76}},{"start":{},"end":{}}],"line":20},"2":{"loc":{"start":{"line":37,"column":12},"end":{"line":38,"column":70}},"type":"if","locations":[{"start":{"line":37,"column":12},"end":{"line":38,"column":70}},{"start":{},"end":{}}],"line":37},"3":{"loc":{"start":{"line":40,"column":16},"end":{"line":40,"column":76}},"type":"if","locations":[{"start":{"line":40,"column":16},"end":{"line":40,"column":76}},{"start":{},"end":{}}],"line":40},"4":{"loc":{"start":{"line":41,"column":16},"end":{"line":41,"column":94}},"type":"if","locations":[{"start":{"line":41,"column":16},"end":{"line":41,"column":94}},{"start":{},"end":{}}],"line":41},"5":{"loc":{"start":{"line":51,"column":20},"end":{"line":51,"column":73}},"type":"if","locations":[{"start":{"line":51,"column":20},"end":{"line":51,"column":73}},{"start":{},"end":{}}],"line":51}},"s":{"0":2,"1":2,"2":2,"3":2,"4":2,"5":2,"6":2,"7":3,"8":3,"9":1,"10":2,"11":2,"12":0,"13":2,"14":2,"15":1,"16":2,"17":2,"18":2,"19":2,"20":1,"21":1,"22":1,"23":0,"24":1,"25":0,"26":1,"27":1,"28":1,"29":0,"30":1,"31":2},"f":{"0":3,"1":3,"2":2,"3":1,"4":2,"5":2,"6":1,"7":1},"b":{"0":[1,2],"1":[0,2],"2":[1,1],"3":[0,1],"4":[0,1],"5":[0,1]},"_coverageSchema":"1a1c01bbd47fc00a2c39e90264f33305004495a9","hash":"c6b38a1e3c813ad006da1b81d24c5aef91c6f3af"}
}
