TN:
SF:app.js
FN:19,(anonymous_0)
FN:20,(anonymous_1)
FN:25,(anonymous_2)
FN:34,(anonymous_3)
FN:39,(anonymous_4)
FN:47,(anonymous_5)
FNF:6
FNH:3
FNDA:3,(anonymous_0)
FNDA:0,(anonymous_1)
FNDA:1,(anonymous_2)
FNDA:0,(anonymous_3)
FNDA:3,(anonymous_4)
FNDA:0,(anonymous_5)
DA:1,3
DA:3,3
DA:5,3
DA:7,3
DA:9,3
DA:11,3
DA:13,3
DA:15,3
DA:18,3
DA:19,3
DA:20,0
DA:22,3
DA:23,3
DA:25,3
DA:26,1
DA:29,3
DA:30,3
DA:31,3
DA:34,3
DA:35,0
DA:39,3
DA:40,3
DA:41,3
DA:42,2
DA:43,3
DA:44,3
DA:47,3
DA:48,0
DA:51,3
LF:29
LH:26
BRDA:41,0,0,1
BRDA:41,0,1,2
BRDA:42,1,0,0
BRDA:42,1,1,2
BRF:4
BRH:3
end_of_record
TN:
SF:controllers\menu_controller.js
FN:5,(anonymous_0)
FN:7,(anonymous_1)
FN:12,(anonymous_2)
FN:16,(anonymous_3)
FN:21,(anonymous_4)
FN:23,(anonymous_5)
FN:28,(anonymous_6)
FN:30,(anonymous_7)
FN:39,(anonymous_8)
FN:47,(anonymous_9)
FN:59,(anonymous_10)
FN:62,(anonymous_11)
FN:72,(anonymous_12)
FNF:13
FNH:10
FNDA:1,(anonymous_0)
FNDA:1,(anonymous_1)
FNDA:4,(anonymous_2)
FNDA:4,(anonymous_3)
FNDA:0,(anonymous_4)
FNDA:0,(anonymous_5)
FNDA:1,(anonymous_6)
FNDA:1,(anonymous_7)
FNDA:2,(anonymous_8)
FNDA:2,(anonymous_9)
FNDA:2,(anonymous_10)
FNDA:2,(anonymous_11)
FNDA:0,(anonymous_12)
DA:1,3
DA:5,3
DA:6,1
DA:7,1
DA:12,3
DA:13,4
DA:15,4
DA:16,4
DA:21,3
DA:22,0
DA:23,0
DA:28,3
DA:29,1
DA:31,1
DA:32,1
DA:39,3
DA:40,2
DA:42,2
DA:46,2
DA:48,2
DA:49,1
DA:50,1
DA:52,1
DA:59,3
DA:60,2
DA:61,2
DA:63,2
DA:64,1
DA:65,1
DA:67,1
DA:72,3
DA:73,0
DA:74,0
DA:76,0
LF:34
LH:29
BRDA:31,0,0,0
BRDA:31,0,1,1
BRDA:48,1,0,1
BRDA:48,1,1,1
BRDA:63,2,0,1
BRDA:63,2,1,1
BRDA:73,3,0,0
BRDA:73,3,1,0
BRF:8
BRH:5
end_of_record
TN:
SF:middlewares\auth.js
FN:3,(anonymous_0)
FN:10,(anonymous_1)
FN:18,(anonymous_2)
FNF:3
FNH:2
FNDA:16,(anonymous_0)
FNDA:15,(anonymous_1)
FNDA:0,(anonymous_2)
DA:1,3
DA:3,3
DA:5,16
DA:6,16
DA:8,15
DA:10,15
DA:11,15
DA:12,15
DA:15,15
DA:18,3
DA:19,0
DA:20,0
DA:23,3
LF:13
LH:11
BRDA:6,0,0,1
BRDA:6,0,1,15
BRDA:11,1,0,0
BRDA:11,1,1,15
BRDA:19,2,0,0
BRDA:19,2,1,0
BRF:6
BRH:3
end_of_record
TN:
SF:middlewares\upload.js
FN:9,(anonymous_0)
FN:12,(anonymous_1)
FN:18,(anonymous_2)
FNF:3
FNH:0
FNDA:0,(anonymous_0)
FNDA:0,(anonymous_1)
FNDA:0,(anonymous_2)
DA:1,3
DA:3,3
DA:5,3
DA:8,3
DA:10,0
DA:13,0
DA:14,0
DA:18,3
DA:19,0
DA:21,0
DA:22,0
DA:24,0
DA:28,3
DA:34,3
LF:14
LH:7
BRDA:21,0,0,0
BRDA:21,0,1,0
BRF:2
BRH:0
end_of_record
TN:
SF:model\Menu.js
FN:23,(anonymous_0)
FNF:1
FNH:1
FNDA:7,(anonymous_0)
DA:1,3
DA:3,3
DA:22,3
DA:24,7
DA:25,7
DA:26,7
DA:30,3
LF:7
LH:7
BRF:0
BRH:0
end_of_record
TN:
SF:model\RestaurantPOS.js
FNF:0
FNH:0
DA:1,3
DA:3,3
DA:81,3
DA:83,3
LF:4
LH:4
BRF:0
BRH:0
end_of_record
TN:
SF:model\User.js
FNF:0
FNH:0
DA:1,3
DA:3,3
DA:25,3
LF:3
LH:3
BRF:0
BRH:0
end_of_record
TN:
SF:routes\menu_routes.js
FNF:0
FNH:0
DA:1,3
DA:2,3
DA:3,3
DA:4,3
DA:6,3
DA:8,3
DA:13,3
DA:18,3
DA:21,3
LF:9
LH:9
BRF:0
BRH:0
end_of_record
TN:
SF:routes\restaurant_routes.js
FN:10,(anonymous_0)
FN:12,(anonymous_1)
FN:15,(anonymous_2)
FN:17,(anonymous_3)
FN:18,(anonymous_4)
FN:20,(anonymous_5)
FN:23,(anonymous_6)
FN:25,(anonymous_7)
FN:30,(anonymous_8)
FN:32,(anonymous_9)
FN:40,(anonymous_10)
FN:43,(anonymous_11)
FN:48,(anonymous_12)
FN:51,(anonymous_13)
FN:53,(anonymous_14)
FN:59,(anonymous_15)
FN:61,(anonymous_16)
FN:69,(anonymous_17)
FN:71,(anonymous_18)
FN:82,(anonymous_19)
FN:89,(anonymous_20)
FN:92,(anonymous_21)
FN:94,(anonymous_22)
FN:99,(anonymous_23)
FN:106,(anonymous_24)
FN:108,(anonymous_25)
FN:114,(anonymous_26)
FN:116,(anonymous_27)
FN:118,(anonymous_28)
FN:126,(anonymous_29)
FN:132,(anonymous_30)
FN:134,(anonymous_31)
FN:136,(anonymous_32)
FN:138,(anonymous_33)
FN:146,(anonymous_34)
FN:148,(anonymous_35)
FN:156,(anonymous_36)
FN:158,(anonymous_37)
FN:168,(anonymous_38)
FN:175,(anonymous_39)
FN:178,(anonymous_40)
FN:180,(anonymous_41)
FN:185,(anonymous_42)
FN:193,(anonymous_43)
FN:195,(anonymous_44)
FN:201,(anonymous_45)
FN:203,(anonymous_46)
FN:206,(anonymous_47)
FN:214,(anonymous_48)
FN:220,(anonymous_49)
FN:222,(anonymous_50)
FN:224,(anonymous_51)
FN:226,(anonymous_52)
FN:235,(anonymous_53)
FN:237,(anonymous_54)
FN:245,(anonymous_55)
FN:247,(anonymous_56)
FN:259,(anonymous_57)
FN:262,(anonymous_58)
FN:264,(anonymous_59)
FN:269,(anonymous_60)
FN:276,(anonymous_61)
FN:279,(anonymous_62)
FN:285,(anonymous_63)
FN:287,(anonymous_64)
FN:293,(anonymous_65)
FN:295,(anonymous_66)
FN:302,(anonymous_67)
FN:306,(anonymous_68)
FN:309,(anonymous_69)
FN:312,(anonymous_70)
FN:319,(anonymous_71)
FN:325,(anonymous_72)
FN:327,(anonymous_73)
FN:334,(anonymous_74)
FN:336,(anonymous_75)
FNF:76
FNH:0
FNDA:0,(anonymous_0)
FNDA:0,(anonymous_1)
FNDA:0,(anonymous_2)
FNDA:0,(anonymous_3)
FNDA:0,(anonymous_4)
FNDA:0,(anonymous_5)
FNDA:0,(anonymous_6)
FNDA:0,(anonymous_7)
FNDA:0,(anonymous_8)
FNDA:0,(anonymous_9)
FNDA:0,(anonymous_10)
FNDA:0,(anonymous_11)
FNDA:0,(anonymous_12)
FNDA:0,(anonymous_13)
FNDA:0,(anonymous_14)
FNDA:0,(anonymous_15)
FNDA:0,(anonymous_16)
FNDA:0,(anonymous_17)
FNDA:0,(anonymous_18)
FNDA:0,(anonymous_19)
FNDA:0,(anonymous_20)
FNDA:0,(anonymous_21)
FNDA:0,(anonymous_22)
FNDA:0,(anonymous_23)
FNDA:0,(anonymous_24)
FNDA:0,(anonymous_25)
FNDA:0,(anonymous_26)
FNDA:0,(anonymous_27)
FNDA:0,(anonymous_28)
FNDA:0,(anonymous_29)
FNDA:0,(anonymous_30)
FNDA:0,(anonymous_31)
FNDA:0,(anonymous_32)
FNDA:0,(anonymous_33)
FNDA:0,(anonymous_34)
FNDA:0,(anonymous_35)
FNDA:0,(anonymous_36)
FNDA:0,(anonymous_37)
FNDA:0,(anonymous_38)
FNDA:0,(anonymous_39)
FNDA:0,(anonymous_40)
FNDA:0,(anonymous_41)
FNDA:0,(anonymous_42)
FNDA:0,(anonymous_43)
FNDA:0,(anonymous_44)
FNDA:0,(anonymous_45)
FNDA:0,(anonymous_46)
FNDA:0,(anonymous_47)
FNDA:0,(anonymous_48)
FNDA:0,(anonymous_49)
FNDA:0,(anonymous_50)
FNDA:0,(anonymous_51)
FNDA:0,(anonymous_52)
FNDA:0,(anonymous_53)
FNDA:0,(anonymous_54)
FNDA:0,(anonymous_55)
FNDA:0,(anonymous_56)
FNDA:0,(anonymous_57)
FNDA:0,(anonymous_58)
FNDA:0,(anonymous_59)
FNDA:0,(anonymous_60)
FNDA:0,(anonymous_61)
FNDA:0,(anonymous_62)
FNDA:0,(anonymous_63)
FNDA:0,(anonymous_64)
FNDA:0,(anonymous_65)
FNDA:0,(anonymous_66)
FNDA:0,(anonymous_67)
FNDA:0,(anonymous_68)
FNDA:0,(anonymous_69)
FNDA:0,(anonymous_70)
FNDA:0,(anonymous_71)
FNDA:0,(anonymous_72)
FNDA:0,(anonymous_73)
FNDA:0,(anonymous_74)
FNDA:0,(anonymous_75)
DA:1,3
DA:3,3
DA:5,3
DA:7,3
DA:9,3
DA:11,0
DA:12,0
DA:16,0
DA:17,0
DA:18,0
DA:21,0
DA:24,0
DA:25,0
DA:29,3
DA:31,0
DA:33,0
DA:34,0
DA:36,0
DA:41,0
DA:44,0
DA:48,0
DA:52,0
DA:53,0
DA:58,3
DA:60,0
DA:62,0
DA:63,0
DA:65,0
DA:70,0
DA:72,0
DA:73,0
DA:75,0
DA:80,0
DA:81,0
DA:83,0
DA:90,0
DA:93,0
DA:95,0
DA:96,0
DA:98,0
DA:99,0
DA:105,3
DA:107,0
DA:109,0
DA:110,0
DA:111,0
DA:115,0
DA:117,0
DA:118,0
DA:119,0
DA:120,0
DA:121,0
DA:123,0
DA:125,0
DA:127,0
DA:133,0
DA:135,0
DA:136,0
DA:137,0
DA:139,0
DA:145,3
DA:147,0
DA:149,0
DA:150,0
DA:152,0
DA:157,0
DA:159,0
DA:160,0
DA:162,0
DA:166,0
DA:167,0
DA:169,0
DA:176,0
DA:179,0
DA:181,0
DA:182,0
DA:184,0
DA:185,0
DA:192,3
DA:194,0
DA:196,0
DA:197,0
DA:198,0
DA:202,0
DA:204,0
DA:206,0
DA:207,0
DA:208,0
DA:209,0
DA:211,0
DA:213,0
DA:215,0
DA:221,0
DA:223,0
DA:224,0
DA:225,0
DA:227,0
DA:234,3
DA:236,0
DA:238,0
DA:239,0
DA:241,0
DA:246,0
DA:248,0
DA:249,0
DA:251,0
DA:252,0
DA:253,0
DA:257,0
DA:259,0
DA:262,0
DA:264,0
DA:267,0
DA:268,0
DA:270,0
DA:277,0
DA:280,0
DA:284,3
DA:286,0
DA:288,0
DA:289,0
DA:290,0
DA:294,0
DA:296,0
DA:298,0
DA:299,0
DA:300,0
DA:302,0
DA:303,0
DA:304,0
DA:305,0
DA:306,0
DA:309,0
DA:312,0
DA:315,0
DA:318,0
DA:320,0
DA:326,0
DA:328,0
DA:329,0
DA:330,0
DA:331,0
DA:334,0
DA:335,0
DA:337,0
DA:343,3
LF:146
LH:13
BRDA:33,0,0,0
BRDA:33,0,1,0
BRDA:62,1,0,0
BRDA:62,1,1,0
BRDA:72,2,0,0
BRDA:72,2,1,0
BRDA:95,3,0,0
BRDA:95,3,1,0
BRDA:109,4,0,0
BRDA:109,4,1,0
BRDA:117,5,0,0
BRDA:117,5,1,0
BRDA:119,6,0,0
BRDA:119,6,1,0
BRDA:135,7,0,0
BRDA:135,7,1,0
BRDA:149,8,0,0
BRDA:149,8,1,0
BRDA:159,9,0,0
BRDA:159,9,1,0
BRDA:181,10,0,0
BRDA:181,10,1,0
BRDA:196,11,0,0
BRDA:196,11,1,0
BRDA:204,12,0,0
BRDA:204,12,1,0
BRDA:207,13,0,0
BRDA:207,13,1,0
BRDA:223,14,0,0
BRDA:223,14,1,0
BRDA:238,15,0,0
BRDA:238,15,1,0
BRDA:248,16,0,0
BRDA:248,16,1,0
BRDA:252,17,0,0
BRDA:252,17,1,0
BRDA:288,18,0,0
BRDA:288,18,1,0
BRDA:296,19,0,0
BRDA:296,19,1,0
BRDA:299,20,0,0
BRDA:299,20,1,0
BRDA:303,21,0,0
BRDA:303,21,1,0
BRDA:328,22,0,0
BRDA:328,22,1,0
BRDA:330,23,0,0
BRDA:330,23,1,0
BRF:48
BRH:0
end_of_record
TN:
SF:routes\user_routes.js
FN:14,(anonymous_0)
FN:16,(anonymous_1)
FN:19,(anonymous_2)
FN:27,(anonymous_3)
FN:33,(anonymous_4)
FN:36,(anonymous_5)
FN:39,(anonymous_6)
FN:50,(anonymous_7)
FNF:8
FNH:8
FNDA:4,(anonymous_0)
FNDA:4,(anonymous_1)
FNDA:3,(anonymous_2)
FNDA:2,(anonymous_3)
FNDA:3,(anonymous_4)
FNDA:3,(anonymous_5)
FNDA:2,(anonymous_6)
FNDA:2,(anonymous_7)
DA:1,3
DA:3,3
DA:5,3
DA:7,3
DA:9,3
DA:11,3
DA:14,3
DA:15,4
DA:17,4
DA:19,3
DA:20,3
DA:21,3
DA:26,3
DA:27,2
DA:33,3
DA:34,3
DA:35,3
DA:37,3
DA:39,2
DA:40,2
DA:41,2
DA:43,2
DA:50,2
DA:51,2
DA:52,2
DA:61,3
LF:26
LH:26
BRDA:17,0,0,1
BRDA:17,0,1,3
BRDA:20,1,0,0
BRDA:20,1,1,3
BRDA:37,2,0,1
BRDA:37,2,1,2
BRDA:40,3,0,0
BRDA:40,3,1,2
BRDA:41,4,0,0
BRDA:41,4,1,2
BRDA:51,5,0,0
BRDA:51,5,1,2
BRF:12
BRH:8
end_of_record
