TN:
SF:app.js
FN:15,(anonymous_0)
FN:16,(anonymous_1)
FN:27,(anonymous_2)
FN:40,(anonymous_3)
FN:45,(anonymous_4)
FN:53,(anonymous_5)
FNF:6
FNH:4
FNDA:4,(anonymous_0)
FNDA:0,(anonymous_1)
FNDA:1,(anonymous_2)
FNDA:0,(anonymous_3)
FNDA:7,(anonymous_4)
FNDA:1,(anonymous_5)
DA:1,4
DA:2,4
DA:3,4
DA:4,4
DA:5,4
DA:6,4
DA:8,4
DA:9,4
DA:10,4
DA:11,4
DA:14,4
DA:15,4
DA:16,0
DA:18,4
DA:19,4
DA:22,4
DA:23,4
DA:24,4
DA:25,4
DA:27,4
DA:28,1
DA:32,4
DA:33,4
DA:34,4
DA:35,4
DA:36,4
DA:37,4
DA:40,4
DA:41,0
DA:45,4
DA:46,7
DA:47,7
DA:48,6
DA:49,7
DA:50,7
DA:53,4
DA:54,1
DA:57,4
LF:38
LH:36
BRDA:47,0,0,1
BRDA:47,0,1,6
BRDA:48,1,0,0
BRDA:48,1,1,6
BRF:4
BRH:3
end_of_record
TN:
SF:controllers\billsController.js
FN:4,(anonymous_0)
FN:16,(anonymous_1)
FNF:2
FNH:0
FNDA:0,(anonymous_0)
FNDA:0,(anonymous_1)
DA:1,4
DA:4,4
DA:5,0
DA:6,0
DA:7,0
DA:8,0
DA:10,0
DA:11,0
DA:16,4
DA:17,0
DA:18,0
DA:19,0
DA:21,0
DA:25,4
LF:14
LH:4
BRF:0
BRH:0
end_of_record
TN:
SF:controllers\itemController.js
FN:4,(anonymous_0)
FN:14,(anonymous_1)
FN:26,(anonymous_2)
FN:42,(anonymous_3)
FNF:4
FNH:0
FNDA:0,(anonymous_0)
FNDA:0,(anonymous_1)
FNDA:0,(anonymous_2)
FNDA:0,(anonymous_3)
DA:1,4
DA:4,4
DA:5,0
DA:6,0
DA:7,0
DA:9,0
DA:14,4
DA:15,0
DA:16,0
DA:17,0
DA:18,0
DA:20,0
DA:21,0
DA:26,4
DA:27,0
DA:28,0
DA:29,0
DA:30,0
DA:34,0
DA:36,0
DA:37,0
DA:42,4
DA:43,0
DA:44,0
DA:45,0
DA:47,0
DA:49,0
DA:50,0
DA:54,4
LF:29
LH:6
BRF:0
BRH:0
end_of_record
TN:
SF:controllers\menu_controller.js
FN:5,(anonymous_0)
FN:7,(anonymous_1)
FN:15,(anonymous_2)
FN:19,(anonymous_3)
FN:26,(anonymous_4)
FN:28,(anonymous_5)
FN:33,(anonymous_6)
FN:35,(anonymous_7)
FN:43,(anonymous_8)
FN:45,(anonymous_9)
FN:54,(anonymous_10)
FN:62,(anonymous_11)
FN:74,(anonymous_12)
FN:77,(anonymous_13)
FN:87,(anonymous_14)
FNF:15
FNH:7
FNDA:1,(anonymous_0)
FNDA:1,(anonymous_1)
FNDA:4,(anonymous_2)
FNDA:0,(anonymous_3)
FNDA:0,(anonymous_4)
FNDA:0,(anonymous_5)
FNDA:0,(anonymous_6)
FNDA:0,(anonymous_7)
FNDA:0,(anonymous_8)
FNDA:0,(anonymous_9)
FNDA:1,(anonymous_10)
FNDA:1,(anonymous_11)
FNDA:1,(anonymous_12)
FNDA:1,(anonymous_13)
FNDA:0,(anonymous_14)
DA:1,4
DA:5,4
DA:6,1
DA:8,1
DA:9,1
DA:15,4
DA:16,4
DA:18,4
DA:20,0
DA:26,4
DA:27,0
DA:28,0
DA:33,4
DA:34,0
DA:36,0
DA:37,0
DA:43,4
DA:44,0
DA:46,0
DA:47,0
DA:54,4
DA:55,1
DA:57,1
DA:61,1
DA:63,1
DA:64,1
DA:65,1
DA:67,0
DA:74,4
DA:75,1
DA:76,1
DA:78,1
DA:79,1
DA:80,1
DA:82,0
DA:87,4
DA:88,0
DA:89,0
DA:91,0
LF:39
LH:25
BRDA:36,0,0,0
BRDA:36,0,1,0
BRDA:46,1,0,0
BRDA:46,1,1,0
BRDA:63,2,0,1
BRDA:63,2,1,0
BRDA:78,3,0,1
BRDA:78,3,1,0
BRDA:88,4,0,0
BRDA:88,4,1,0
BRF:10
BRH:2
end_of_record
TN:
SF:controllers\order_controller.js
FN:5,(anonymous_0)
FN:7,(anonymous_1)
FN:11,(anonymous_2)
FN:13,(anonymous_3)
FN:20,(anonymous_4)
FN:25,(anonymous_5)
FN:26,(anonymous_6)
FN:39,(anonymous_7)
FN:45,(anonymous_8)
FN:50,(anonymous_9)
FN:57,(anonymous_10)
FN:69,(anonymous_11)
FN:71,(anonymous_12)
FN:75,(anonymous_13)
FN:78,(anonymous_14)
FNF:15
FNH:2
FNDA:2,(anonymous_0)
FNDA:2,(anonymous_1)
FNDA:0,(anonymous_2)
FNDA:0,(anonymous_3)
FNDA:0,(anonymous_4)
FNDA:0,(anonymous_5)
FNDA:0,(anonymous_6)
FNDA:0,(anonymous_7)
FNDA:0,(anonymous_8)
FNDA:0,(anonymous_9)
FNDA:0,(anonymous_10)
FNDA:0,(anonymous_11)
FNDA:0,(anonymous_12)
FNDA:0,(anonymous_13)
FNDA:0,(anonymous_14)
DA:2,4
DA:3,4
DA:5,4
DA:6,2
DA:7,2
DA:11,4
DA:12,0
DA:14,0
DA:15,0
DA:20,4
DA:21,0
DA:22,0
DA:23,0
DA:26,0
DA:27,0
DA:33,0
DA:34,0
DA:39,4
DA:40,0
DA:41,0
DA:44,0
DA:45,0
DA:50,4
DA:51,0
DA:52,0
DA:53,0
DA:58,0
DA:59,0
DA:60,0
DA:62,0
DA:69,4
DA:70,0
DA:71,0
DA:75,4
DA:76,0
DA:77,0
DA:79,0
LF:37
LH:11
BRDA:14,0,0,0
BRDA:14,0,1,0
BRDA:58,1,0,0
BRDA:58,1,1,0
BRF:4
BRH:0
end_of_record
TN:
SF:controllers\userController.js
FN:4,(anonymous_0)
FN:23,(anonymous_1)
FNF:2
FNH:0
FNDA:0,(anonymous_0)
FNDA:0,(anonymous_1)
DA:1,4
DA:4,4
DA:5,0
DA:6,0
DA:7,0
DA:8,0
DA:9,0
DA:11,0
DA:18,0
DA:23,4
DA:24,0
DA:25,0
DA:26,0
DA:27,0
DA:29,0
DA:30,0
DA:36,4
LF:17
LH:4
BRDA:8,0,0,0
BRDA:8,0,1,0
BRF:2
BRH:0
end_of_record
TN:
SF:controllers\user_controller.js
FN:3,(anonymous_0)
FN:8,(anonymous_1)
FN:13,(anonymous_2)
FN:15,(anonymous_3)
FN:20,(anonymous_4)
FN:23,(anonymous_5)
FN:29,(anonymous_6)
FN:32,(anonymous_7)
FNF:8
FNH:0
FNDA:0,(anonymous_0)
FNDA:0,(anonymous_1)
FNDA:0,(anonymous_2)
FNDA:0,(anonymous_3)
FNDA:0,(anonymous_4)
FNDA:0,(anonymous_5)
FNDA:0,(anonymous_6)
FNDA:0,(anonymous_7)
DA:1,4
DA:3,4
DA:4,0
DA:5,0
DA:7,0
DA:9,0
DA:13,4
DA:14,0
DA:16,0
DA:20,4
DA:21,0
DA:22,0
DA:24,0
DA:29,4
DA:30,0
DA:31,0
DA:33,0
LF:17
LH:5
BRF:0
BRH:0
end_of_record
TN:
SF:middlewares\auth.js
FN:3,(anonymous_0)
FN:10,(anonymous_1)
FN:18,(anonymous_2)
FNF:3
FNH:2
FNDA:14,(anonymous_0)
FNDA:13,(anonymous_1)
FNDA:0,(anonymous_2)
DA:1,4
DA:3,4
DA:5,14
DA:6,14
DA:8,13
DA:10,13
DA:11,13
DA:12,13
DA:15,13
DA:18,4
DA:19,0
DA:20,0
DA:23,4
LF:13
LH:11
BRDA:6,0,0,1
BRDA:6,0,1,13
BRDA:11,1,0,0
BRDA:11,1,1,13
BRDA:19,2,0,0
BRDA:19,2,1,0
BRF:6
BRH:3
end_of_record
TN:
SF:middlewares\upload.js
FN:9,(anonymous_0)
FN:12,(anonymous_1)
FN:18,(anonymous_2)
FNF:3
FNH:0
FNDA:0,(anonymous_0)
FNDA:0,(anonymous_1)
FNDA:0,(anonymous_2)
DA:1,4
DA:3,4
DA:5,4
DA:8,4
DA:10,0
DA:13,0
DA:14,0
DA:18,4
DA:19,0
DA:21,0
DA:22,0
DA:24,0
DA:28,4
DA:34,4
LF:14
LH:7
BRDA:21,0,0,0
BRDA:21,0,1,0
BRF:2
BRH:0
end_of_record
TN:
SF:model\Menu.js
FNF:0
FNH:0
DA:1,4
DA:3,4
DA:22,4
LF:3
LH:3
BRF:0
BRH:0
end_of_record
TN:
SF:model\Order.js
FNF:0
FNH:0
DA:1,4
DA:3,4
DA:21,4
DA:23,4
LF:4
LH:4
BRF:0
BRH:0
end_of_record
TN:
SF:model\User.js
FNF:0
FNH:0
DA:1,4
DA:3,4
DA:34,4
LF:3
LH:3
BRF:0
BRH:0
end_of_record
TN:
SF:model\billsModel.js
FNF:0
FNH:0
DA:1,4
DA:3,4
DA:41,4
DA:43,4
LF:4
LH:4
BRF:0
BRH:0
end_of_record
TN:
SF:model\itemModel.js
FNF:0
FNH:0
DA:1,4
DA:3,4
DA:25,4
DA:27,4
LF:4
LH:4
BRF:0
BRH:0
end_of_record
TN:
SF:model\userModel.js
FNF:0
FNH:0
DA:1,4
DA:3,4
DA:24,4
DA:26,4
LF:4
LH:4
BRF:0
BRH:0
end_of_record
TN:
SF:routes\billsRoute.js
FNF:0
FNH:0
DA:1,4
DA:5,4
DA:7,4
DA:12,4
DA:15,4
DA:18,4
LF:6
LH:6
BRF:0
BRH:0
end_of_record
TN:
SF:routes\itemRoutes.js
FNF:0
FNH:0
DA:1,4
DA:7,4
DA:9,4
DA:13,4
DA:16,4
DA:19,4
DA:22,4
DA:24,4
LF:8
LH:8
BRF:0
BRH:0
end_of_record
TN:
SF:routes\menu_routes.js
FNF:0
FNH:0
DA:1,4
DA:2,4
DA:3,4
DA:4,4
DA:6,4
DA:8,4
DA:13,4
DA:18,4
DA:21,4
LF:9
LH:9
BRF:0
BRH:0
end_of_record
TN:
SF:routes\order_routes.js
FNF:0
FNH:0
DA:1,4
DA:2,4
DA:3,4
DA:5,4
DA:7,4
DA:11,4
DA:15,4
DA:19,4
DA:22,4
LF:9
LH:9
BRF:0
BRH:0
end_of_record
TN:
SF:routes\userRoutes.js
FNF:0
FNH:0
DA:1,4
DA:5,4
DA:7,4
DA:11,4
DA:14,4
DA:18,4
LF:6
LH:6
BRF:0
BRH:0
end_of_record
TN:
SF:routes\user_routes.js
FN:18,(anonymous_0)
FN:20,(anonymous_1)
FN:23,(anonymous_2)
FN:33,(anonymous_3)
FN:39,(anonymous_4)
FN:42,(anonymous_5)
FN:45,(anonymous_6)
FN:54,(anonymous_7)
FNF:8
FNH:8
FNDA:5,(anonymous_0)
FNDA:5,(anonymous_1)
FNDA:4,(anonymous_2)
FNDA:3,(anonymous_3)
FNDA:4,(anonymous_4)
FNDA:4,(anonymous_5)
FNDA:3,(anonymous_6)
FNDA:3,(anonymous_7)
DA:1,4
DA:3,4
DA:5,4
DA:7,4
DA:9,4
DA:11,4
DA:13,4
DA:15,4
DA:18,4
DA:19,5
DA:21,5
DA:23,4
DA:24,4
DA:25,4
DA:32,4
DA:33,3
DA:39,4
DA:40,4
DA:41,4
DA:43,4
DA:45,3
DA:46,3
DA:47,3
DA:49,3
DA:54,3
DA:55,3
DA:56,3
DA:65,4
DA:66,4
DA:67,4
DA:68,4
DA:70,4
LF:32
LH:32
BRDA:21,0,0,1
BRDA:21,0,1,4
BRDA:24,1,0,0
BRDA:24,1,1,4
BRDA:43,2,0,1
BRDA:43,2,1,3
BRDA:46,3,0,0
BRDA:46,3,1,3
BRDA:47,4,0,0
BRDA:47,4,1,3
BRDA:55,5,0,0
BRDA:55,5,1,3
BRF:12
BRH:8
end_of_record
